The system is: Linux - 4.13.0-36-generic - x86_64
Compiling the C compiler identification source file "CMakeCCompilerId.c" succeeded.
Compiler: /usr/bin/cc 
Build flags: 
Id flags: 

The output was:
0


Compilation of the C compiler identification source "CMakeCCompilerId.c" produced "a.out"

The C compiler identification is GNU, found in "/home/rain/ydlidar_ws/build/CMakeFiles/3.5.1/CompilerIdC/a.out"

Compiling the CXX compiler identification source file "CMakeCXXCompilerId.cpp" succeeded.
Compiler: /usr/bin/c++ 
Build flags: 
Id flags: 

The output was:
0


Compilation of the CXX compiler identification source "CMakeCXXCompilerId.cpp" produced "a.out"

The CXX compiler identification is GNU, found in "/home/rain/ydlidar_ws/build/CMakeFiles/3.5.1/CompilerIdCXX/a.out"

Determining if the C compiler works passed with the following output:
Change Dir: /home/rain/ydlidar_ws/build/CMakeFiles/CMakeTmp

Run Build Command:"/usr/bin/make" "cmTC_071b2/fast"
/usr/bin/make -f CMakeFiles/cmTC_071b2.dir/build.make CMakeFiles/cmTC_071b2.dir/build
make[1]: Entering directory '/home/rain/ydlidar_ws/build/CMakeFiles/CMakeTmp'
Building C object CMakeFiles/cmTC_071b2.dir/testCCompiler.c.o
/usr/bin/cc     -o CMakeFiles/cmTC_071b2.dir/testCCompiler.c.o   -c /home/rain/ydlidar_ws/build/CMakeFiles/CMakeTmp/testCCompiler.c
Linking C executable cmTC_071b2
/usr/bin/cmake -E cmake_link_script CMakeFiles/cmTC_071b2.dir/link.txt --verbose=1
/usr/bin/cc       CMakeFiles/cmTC_071b2.dir/testCCompiler.c.o  -o cmTC_071b2 -rdynamic 
make[1]: Leaving directory '/home/rain/ydlidar_ws/build/CMakeFiles/CMakeTmp'


Detecting C compiler ABI info compiled with the following output:
Change Dir: /home/rain/ydlidar_ws/build/CMakeFiles/CMakeTmp

Run Build Command:"/usr/bin/make" "cmTC_1a8f8/fast"
/usr/bin/make -f CMakeFiles/cmTC_1a8f8.dir/build.make CMakeFiles/cmTC_1a8f8.dir/build
make[1]: Entering directory '/home/rain/ydlidar_ws/build/CMakeFiles/CMakeTmp'
Building C object CMakeFiles/cmTC_1a8f8.dir/CMakeCCompilerABI.c.o
/usr/bin/cc     -o CMakeFiles/cmTC_1a8f8.dir/CMakeCCompilerABI.c.o   -c /usr/share/cmake-3.5/Modules/CMakeCCompilerABI.c
Linking C executable cmTC_1a8f8
/usr/bin/cmake -E cmake_link_script CMakeFiles/cmTC_1a8f8.dir/link.txt --verbose=1
/usr/bin/cc      -v CMakeFiles/cmTC_1a8f8.dir/CMakeCCompilerABI.c.o  -o cmTC_1a8f8 -rdynamic  
Using built-in specs.
COLLECT_GCC=/usr/bin/cc
COLLECT_LTO_WRAPPER=/usr/lib/gcc/x86_64-linux-gnu/5/lto-wrapper
Target: x86_64-linux-gnu
Configured with: ../src/configure -v --with-pkgversion='Ubuntu 5.4.0-6ubuntu1~16.04.10' --with-bugurl=file:///usr/share/doc/gcc-5/README.Bugs --enable-languages=c,ada,c++,java,go,d,fortran,objc,obj-c++ --prefix=/usr --program-suffix=-5 --enable-shared --enable-linker-build-id --libexecdir=/usr/lib --without-included-gettext --enable-threads=posix --libdir=/usr/lib --enable-nls --with-sysroot=/ --enable-clocale=gnu --enable-libstdcxx-debug --enable-libstdcxx-time=yes --with-default-libstdcxx-abi=new --enable-gnu-unique-object --disable-vtable-verify --enable-libmpx --enable-plugin --with-system-zlib --disable-browser-plugin --enable-java-awt=gtk --enable-gtk-cairo --with-java-home=/usr/lib/jvm/java-1.5.0-gcj-5-amd64/jre --enable-java-home --with-jvm-root-dir=/usr/lib/jvm/java-1.5.0-gcj-5-amd64 --with-jvm-jar-dir=/usr/lib/jvm-exports/java-1.5.0-gcj-5-amd64 --with-arch-directory=amd64 --with-ecj-jar=/usr/share/java/eclipse-ecj.jar --enable-objc-gc --enable-multiarch --disable-werror --with-arch-32=i686 --with-abi=m64 --with-multilib-list=m32,m64,mx32 --enable-multilib --with-tune=generic --enable-checking=release --build=x86_64-linux-gnu --host=x86_64-linux-gnu --target=x86_64-linux-gnu
Thread model: posix
gcc version 5.4.0 20160609 (Ubuntu 5.4.0-6ubuntu1~16.04.10) 
COMPILER_PATH=/usr/lib/gcc/x86_64-linux-gnu/5/:/usr/lib/gcc/x86_64-linux-gnu/5/:/usr/lib/gcc/x86_64-linux-gnu/:/usr/lib/gcc/x86_64-linux-gnu/5/:/usr/lib/gcc/x86_64-linux-gnu/
LIBRARY_PATH=/usr/lib/gcc/x86_64-linux-gnu/5/:/usr/lib/gcc/x86_64-linux-gnu/5/../../../x86_64-linux-gnu/:/usr/lib/gcc/x86_64-linux-gnu/5/../../../../lib/:/lib/x86_64-linux-gnu/:/lib/../lib/:/usr/lib/x86_64-linux-gnu/:/usr/lib/../lib/:/usr/lib/gcc/x86_64-linux-gnu/5/../../../:/lib/:/usr/lib/
COLLECT_GCC_OPTIONS='-v' '-o' 'cmTC_1a8f8' '-rdynamic' '-mtune=generic' '-march=x86-64'
 /usr/lib/gcc/x86_64-linux-gnu/5/collect2 -plugin /usr/lib/gcc/x86_64-linux-gnu/5/liblto_plugin.so -plugin-opt=/usr/lib/gcc/x86_64-linux-gnu/5/lto-wrapper -plugin-opt=-fresolution=/tmp/ccZmeQWA.res -plugin-opt=-pass-through=-lgcc -plugin-opt=-pass-through=-lgcc_s -plugin-opt=-pass-through=-lc -plugin-opt=-pass-through=-lgcc -plugin-opt=-pass-through=-lgcc_s --sysroot=/ --build-id --eh-frame-hdr -m elf_x86_64 --hash-style=gnu --as-needed -export-dynamic -dynamic-linker /lib64/ld-linux-x86-64.so.2 -z relro -o cmTC_1a8f8 /usr/lib/gcc/x86_64-linux-gnu/5/../../../x86_64-linux-gnu/crt1.o /usr/lib/gcc/x86_64-linux-gnu/5/../../../x86_64-linux-gnu/crti.o /usr/lib/gcc/x86_64-linux-gnu/5/crtbegin.o -L/usr/lib/gcc/x86_64-linux-gnu/5 -L/usr/lib/gcc/x86_64-linux-gnu/5/../../../x86_64-linux-gnu -L/usr/lib/gcc/x86_64-linux-gnu/5/../../../../lib -L/lib/x86_64-linux-gnu -L/lib/../lib -L/usr/lib/x86_64-linux-gnu -L/usr/lib/../lib -L/usr/lib/gcc/x86_64-linux-gnu/5/../../.. CMakeFiles/cmTC_1a8f8.dir/CMakeCCompilerABI.c.o -lgcc --as-needed -lgcc_s --no-as-needed -lc -lgcc --as-needed -lgcc_s --no-as-needed /usr/lib/gcc/x86_64-linux-gnu/5/crtend.o /usr/lib/gcc/x86_64-linux-gnu/5/../../../x86_64-linux-gnu/crtn.o
make[1]: Leaving directory '/home/rain/ydlidar_ws/build/CMakeFiles/CMakeTmp'


Parsed C implicit link information from above output:
  link line regex: [^( *|.*[/\])(ld|([^/\]+-)?ld|collect2)[^/\]*( |$)]
  ignore line: [Change Dir: /home/rain/ydlidar_ws/build/CMakeFiles/CMakeTmp]
  ignore line: []
  ignore line: [Run Build Command:"/usr/bin/make" "cmTC_1a8f8/fast"]
  ignore line: [/usr/bin/make -f CMakeFiles/cmTC_1a8f8.dir/build.make CMakeFiles/cmTC_1a8f8.dir/build]
  ignore line: [make[1]: Entering directory '/home/rain/ydlidar_ws/build/CMakeFiles/CMakeTmp']
  ignore line: [Building C object CMakeFiles/cmTC_1a8f8.dir/CMakeCCompilerABI.c.o]
  ignore line: [/usr/bin/cc     -o CMakeFiles/cmTC_1a8f8.dir/CMakeCCompilerABI.c.o   -c /usr/share/cmake-3.5/Modules/CMakeCCompilerABI.c]
  ignore line: [Linking C executable cmTC_1a8f8]
  ignore line: [/usr/bin/cmake -E cmake_link_script CMakeFiles/cmTC_1a8f8.dir/link.txt --verbose=1]
  ignore line: [/usr/bin/cc      -v CMakeFiles/cmTC_1a8f8.dir/CMakeCCompilerABI.c.o  -o cmTC_1a8f8 -rdynamic  ]
  ignore line: [Using built-in specs.]
  ignore line: [COLLECT_GCC=/usr/bin/cc]
  ignore line: [COLLECT_LTO_WRAPPER=/usr/lib/gcc/x86_64-linux-gnu/5/lto-wrapper]
  ignore line: [Target: x86_64-linux-gnu]
  ignore line: [Configured with: ../src/configure -v --with-pkgversion='Ubuntu 5.4.0-6ubuntu1~16.04.10' --with-bugurl=file:///usr/share/doc/gcc-5/README.Bugs --enable-languages=c,ada,c++,java,go,d,fortran,objc,obj-c++ --prefix=/usr --program-suffix=-5 --enable-shared --enable-linker-build-id --libexecdir=/usr/lib --without-included-gettext --enable-threads=posix --libdir=/usr/lib --enable-nls --with-sysroot=/ --enable-clocale=gnu --enable-libstdcxx-debug --enable-libstdcxx-time=yes --with-default-libstdcxx-abi=new --enable-gnu-unique-object --disable-vtable-verify --enable-libmpx --enable-plugin --with-system-zlib --disable-browser-plugin --enable-java-awt=gtk --enable-gtk-cairo --with-java-home=/usr/lib/jvm/java-1.5.0-gcj-5-amd64/jre --enable-java-home --with-jvm-root-dir=/usr/lib/jvm/java-1.5.0-gcj-5-amd64 --with-jvm-jar-dir=/usr/lib/jvm-exports/java-1.5.0-gcj-5-amd64 --with-arch-directory=amd64 --with-ecj-jar=/usr/share/java/eclipse-ecj.jar --enable-objc-gc --enable-multiarch --disable-werror --with-arch-32=i686 --with-abi=m64 --with-multilib-list=m32,m64,mx32 --enable-multilib --with-tune=generic --enable-checking=release --build=x86_64-linux-gnu --host=x86_64-linux-gnu --target=x86_64-linux-gnu]
  ignore line: [Thread model: posix]
  ignore line: [gcc version 5.4.0 20160609 (Ubuntu 5.4.0-6ubuntu1~16.04.10) ]
  ignore line: [COMPILER_PATH=/usr/lib/gcc/x86_64-linux-gnu/5/:/usr/lib/gcc/x86_64-linux-gnu/5/:/usr/lib/gcc/x86_64-linux-gnu/:/usr/lib/gcc/x86_64-linux-gnu/5/:/usr/lib/gcc/x86_64-linux-gnu/]
  ignore line: [LIBRARY_PATH=/usr/lib/gcc/x86_64-linux-gnu/5/:/usr/lib/gcc/x86_64-linux-gnu/5/../../../x86_64-linux-gnu/:/usr/lib/gcc/x86_64-linux-gnu/5/../../../../lib/:/lib/x86_64-linux-gnu/:/lib/../lib/:/usr/lib/x86_64-linux-gnu/:/usr/lib/../lib/:/usr/lib/gcc/x86_64-linux-gnu/5/../../../:/lib/:/usr/lib/]
  ignore line: [COLLECT_GCC_OPTIONS='-v' '-o' 'cmTC_1a8f8' '-rdynamic' '-mtune=generic' '-march=x86-64']
  link line: [ /usr/lib/gcc/x86_64-linux-gnu/5/collect2 -plugin /usr/lib/gcc/x86_64-linux-gnu/5/liblto_plugin.so -plugin-opt=/usr/lib/gcc/x86_64-linux-gnu/5/lto-wrapper -plugin-opt=-fresolution=/tmp/ccZmeQWA.res -plugin-opt=-pass-through=-lgcc -plugin-opt=-pass-through=-lgcc_s -plugin-opt=-pass-through=-lc -plugin-opt=-pass-through=-lgcc -plugin-opt=-pass-through=-lgcc_s --sysroot=/ --build-id --eh-frame-hdr -m elf_x86_64 --hash-style=gnu --as-needed -export-dynamic -dynamic-linker /lib64/ld-linux-x86-64.so.2 -z relro -o cmTC_1a8f8 /usr/lib/gcc/x86_64-linux-gnu/5/../../../x86_64-linux-gnu/crt1.o /usr/lib/gcc/x86_64-linux-gnu/5/../../../x86_64-linux-gnu/crti.o /usr/lib/gcc/x86_64-linux-gnu/5/crtbegin.o -L/usr/lib/gcc/x86_64-linux-gnu/5 -L/usr/lib/gcc/x86_64-linux-gnu/5/../../../x86_64-linux-gnu -L/usr/lib/gcc/x86_64-linux-gnu/5/../../../../lib -L/lib/x86_64-linux-gnu -L/lib/../lib -L/usr/lib/x86_64-linux-gnu -L/usr/lib/../lib -L/usr/lib/gcc/x86_64-linux-gnu/5/../../.. CMakeFiles/cmTC_1a8f8.dir/CMakeCCompilerABI.c.o -lgcc --as-needed -lgcc_s --no-as-needed -lc -lgcc --as-needed -lgcc_s --no-as-needed /usr/lib/gcc/x86_64-linux-gnu/5/crtend.o /usr/lib/gcc/x86_64-linux-gnu/5/../../../x86_64-linux-gnu/crtn.o]
    arg [/usr/lib/gcc/x86_64-linux-gnu/5/collect2] ==> ignore
    arg [-plugin] ==> ignore
    arg [/usr/lib/gcc/x86_64-linux-gnu/5/liblto_plugin.so] ==> ignore
    arg [-plugin-opt=/usr/lib/gcc/x86_64-linux-gnu/5/lto-wrapper] ==> ignore
    arg [-plugin-opt=-fresolution=/tmp/ccZmeQWA.res] ==> ignore
    arg [-plugin-opt=-pass-through=-lgcc] ==> ignore
    arg [-plugin-opt=-pass-through=-lgcc_s] ==> ignore
    arg [-plugin-opt=-pass-through=-lc] ==> ignore
    arg [-plugin-opt=-pass-through=-lgcc] ==> ignore
    arg [-plugin-opt=-pass-through=-lgcc_s] ==> ignore
    arg [--sysroot=/] ==> ignore
    arg [--build-id] ==> ignore
    arg [--eh-frame-hdr] ==> ignore
    arg [-m] ==> ignore
    arg [elf_x86_64] ==> ignore
    arg [--hash-style=gnu] ==> ignore
    arg [--as-needed] ==> ignore
    arg [-export-dynamic] ==> ignore
    arg [-dynamic-linker] ==> ignore
    arg [/lib64/ld-linux-x86-64.so.2] ==> ignore
    arg [-zrelro] ==> ignore
    arg [-o] ==> ignore
    arg [cmTC_1a8f8] ==> ignore
    arg [/usr/lib/gcc/x86_64-linux-gnu/5/../../../x86_64-linux-gnu/crt1.o] ==> ignore
    arg [/usr/lib/gcc/x86_64-linux-gnu/5/../../../x86_64-linux-gnu/crti.o] ==> ignore
    arg [/usr/lib/gcc/x86_64-linux-gnu/5/crtbegin.o] ==> ignore
    arg [-L/usr/lib/gcc/x86_64-linux-gnu/5] ==> dir [/usr/lib/gcc/x86_64-linux-gnu/5]
    arg [-L/usr/lib/gcc/x86_64-linux-gnu/5/../../../x86_64-linux-gnu] ==> dir [/usr/lib/gcc/x86_64-linux-gnu/5/../../../x86_64-linux-gnu]
    arg [-L/usr/lib/gcc/x86_64-linux-gnu/5/../../../../lib] ==> dir [/usr/lib/gcc/x86_64-linux-gnu/5/../../../../lib]
    arg [-L/lib/x86_64-linux-gnu] ==> dir [/lib/x86_64-linux-gnu]
    arg [-L/lib/../lib] ==> dir [/lib/../lib]
    arg [-L/usr/lib/x86_64-linux-gnu] ==> dir [/usr/lib/x86_64-linux-gnu]
    arg [-L/usr/lib/../lib] ==> dir [/usr/lib/../lib]
    arg [-L/usr/lib/gcc/x86_64-linux-gnu/5/../../..] ==> dir [/usr/lib/gcc/x86_64-linux-gnu/5/../../..]
    arg [CMakeFiles/cmTC_1a8f8.dir/CMakeCCompilerABI.c.o] ==> ignore
    arg [-lgcc] ==> lib [gcc]
    arg [--as-needed] ==> ignore
    arg [-lgcc_s] ==> lib [gcc_s]
    arg [--no-as-needed] ==> ignore
    arg [-lc] ==> lib [c]
    arg [-lgcc] ==> lib [gcc]
    arg [--as-needed] ==> ignore
    arg [-lgcc_s] ==> lib [gcc_s]
    arg [--no-as-needed] ==> ignore
    arg [/usr/lib/gcc/x86_64-linux-gnu/5/crtend.o] ==> ignore
    arg [/usr/lib/gcc/x86_64-linux-gnu/5/../../../x86_64-linux-gnu/crtn.o] ==> ignore
  remove lib [gcc]
  remove lib [gcc_s]
  remove lib [gcc]
  remove lib [gcc_s]
  collapse library dir [/usr/lib/gcc/x86_64-linux-gnu/5] ==> [/usr/lib/gcc/x86_64-linux-gnu/5]
  collapse library dir [/usr/lib/gcc/x86_64-linux-gnu/5/../../../x86_64-linux-gnu] ==> [/usr/lib/x86_64-linux-gnu]
  collapse library dir [/usr/lib/gcc/x86_64-linux-gnu/5/../../../../lib] ==> [/usr/lib]
  collapse library dir [/lib/x86_64-linux-gnu] ==> [/lib/x86_64-linux-gnu]
  collapse library dir [/lib/../lib] ==> [/lib]
  collapse library dir [/usr/lib/x86_64-linux-gnu] ==> [/usr/lib/x86_64-linux-gnu]
  collapse library dir [/usr/lib/../lib] ==> [/usr/lib]
  collapse library dir [/usr/lib/gcc/x86_64-linux-gnu/5/../../..] ==> [/usr/lib]
  implicit libs: [c]
  implicit dirs: [/usr/lib/gcc/x86_64-linux-gnu/5;/usr/lib/x86_64-linux-gnu;/usr/lib;/lib/x86_64-linux-gnu;/lib]
  implicit fwks: []




Detecting C [-std=c11] compiler features compiled with the following output:
Change Dir: /home/rain/ydlidar_ws/build/CMakeFiles/CMakeTmp

Run Build Command:"/usr/bin/make" "cmTC_b176b/fast"
/usr/bin/make -f CMakeFiles/cmTC_b176b.dir/build.make CMakeFiles/cmTC_b176b.dir/build
make[1]: Entering directory '/home/rain/ydlidar_ws/build/CMakeFiles/CMakeTmp'
Building C object CMakeFiles/cmTC_b176b.dir/feature_tests.c.o
/usr/bin/cc    -std=c11 -o CMakeFiles/cmTC_b176b.dir/feature_tests.c.o   -c /home/rain/ydlidar_ws/build/CMakeFiles/feature_tests.c
Linking C executable cmTC_b176b
/usr/bin/cmake -E cmake_link_script CMakeFiles/cmTC_b176b.dir/link.txt --verbose=1
/usr/bin/cc       CMakeFiles/cmTC_b176b.dir/feature_tests.c.o  -o cmTC_b176b -rdynamic 
make[1]: Leaving directory '/home/rain/ydlidar_ws/build/CMakeFiles/CMakeTmp'


    Feature record: C_FEATURE:1c_function_prototypes
    Feature record: C_FEATURE:1c_restrict
    Feature record: C_FEATURE:1c_static_assert
    Feature record: C_FEATURE:1c_variadic_macros


Detecting C [-std=c99] compiler features compiled with the following output:
Change Dir: /home/rain/ydlidar_ws/build/CMakeFiles/CMakeTmp

Run Build Command:"/usr/bin/make" "cmTC_40efc/fast"
/usr/bin/make -f CMakeFiles/cmTC_40efc.dir/build.make CMakeFiles/cmTC_40efc.dir/build
make[1]: Entering directory '/home/rain/ydlidar_ws/build/CMakeFiles/CMakeTmp'
Building C object CMakeFiles/cmTC_40efc.dir/feature_tests.c.o
/usr/bin/cc    -std=c99 -o CMakeFiles/cmTC_40efc.dir/feature_tests.c.o   -c /home/rain/ydlidar_ws/build/CMakeFiles/feature_tests.c
Linking C executable cmTC_40efc
/usr/bin/cmake -E cmake_link_script CMakeFiles/cmTC_40efc.dir/link.txt --verbose=1
/usr/bin/cc       CMakeFiles/cmTC_40efc.dir/feature_tests.c.o  -o cmTC_40efc -rdynamic 
make[1]: Leaving directory '/home/rain/ydlidar_ws/build/CMakeFiles/CMakeTmp'


    Feature record: C_FEATURE:1c_function_prototypes
    Feature record: C_FEATURE:1c_restrict
    Feature record: C_FEATURE:0c_static_assert
    Feature record: C_FEATURE:1c_variadic_macros


Detecting C [-std=c90] compiler features compiled with the following output:
Change Dir: /home/rain/ydlidar_ws/build/CMakeFiles/CMakeTmp

Run Build Command:"/usr/bin/make" "cmTC_d7af0/fast"
/usr/bin/make -f CMakeFiles/cmTC_d7af0.dir/build.make CMakeFiles/cmTC_d7af0.dir/build
make[1]: Entering directory '/home/rain/ydlidar_ws/build/CMakeFiles/CMakeTmp'
Building C object CMakeFiles/cmTC_d7af0.dir/feature_tests.c.o
/usr/bin/cc    -std=c90 -o CMakeFiles/cmTC_d7af0.dir/feature_tests.c.o   -c /home/rain/ydlidar_ws/build/CMakeFiles/feature_tests.c
Linking C executable cmTC_d7af0
/usr/bin/cmake -E cmake_link_script CMakeFiles/cmTC_d7af0.dir/link.txt --verbose=1
/usr/bin/cc       CMakeFiles/cmTC_d7af0.dir/feature_tests.c.o  -o cmTC_d7af0 -rdynamic 
make[1]: Leaving directory '/home/rain/ydlidar_ws/build/CMakeFiles/CMakeTmp'


    Feature record: C_FEATURE:1c_function_prototypes
    Feature record: C_FEATURE:0c_restrict
    Feature record: C_FEATURE:0c_static_assert
    Feature record: C_FEATURE:0c_variadic_macros
Determining if the CXX compiler works passed with the following output:
Change Dir: /home/rain/ydlidar_ws/build/CMakeFiles/CMakeTmp

Run Build Command:"/usr/bin/make" "cmTC_ad312/fast"
/usr/bin/make -f CMakeFiles/cmTC_ad312.dir/build.make CMakeFiles/cmTC_ad312.dir/build
make[1]: Entering directory '/home/rain/ydlidar_ws/build/CMakeFiles/CMakeTmp'
Building CXX object CMakeFiles/cmTC_ad312.dir/testCXXCompiler.cxx.o
/usr/bin/c++      -o CMakeFiles/cmTC_ad312.dir/testCXXCompiler.cxx.o -c /home/rain/ydlidar_ws/build/CMakeFiles/CMakeTmp/testCXXCompiler.cxx
Linking CXX executable cmTC_ad312
/usr/bin/cmake -E cmake_link_script CMakeFiles/cmTC_ad312.dir/link.txt --verbose=1
/usr/bin/c++        CMakeFiles/cmTC_ad312.dir/testCXXCompiler.cxx.o  -o cmTC_ad312 -rdynamic 
make[1]: Leaving directory '/home/rain/ydlidar_ws/build/CMakeFiles/CMakeTmp'


Detecting CXX compiler ABI info compiled with the following output:
Change Dir: /home/rain/ydlidar_ws/build/CMakeFiles/CMakeTmp

Run Build Command:"/usr/bin/make" "cmTC_dc0b5/fast"
/usr/bin/make -f CMakeFiles/cmTC_dc0b5.dir/build.make CMakeFiles/cmTC_dc0b5.dir/build
make[1]: Entering directory '/home/rain/ydlidar_ws/build/CMakeFiles/CMakeTmp'
Building CXX object CMakeFiles/cmTC_dc0b5.dir/CMakeCXXCompilerABI.cpp.o
/usr/bin/c++      -o CMakeFiles/cmTC_dc0b5.dir/CMakeCXXCompilerABI.cpp.o -c /usr/share/cmake-3.5/Modules/CMakeCXXCompilerABI.cpp
Linking CXX executable cmTC_dc0b5
/usr/bin/cmake -E cmake_link_script CMakeFiles/cmTC_dc0b5.dir/link.txt --verbose=1
/usr/bin/c++       -v CMakeFiles/cmTC_dc0b5.dir/CMakeCXXCompilerABI.cpp.o  -o cmTC_dc0b5 -rdynamic  
Using built-in specs.
COLLECT_GCC=/usr/bin/c++
COLLECT_LTO_WRAPPER=/usr/lib/gcc/x86_64-linux-gnu/5/lto-wrapper
Target: x86_64-linux-gnu
Configured with: ../src/configure -v --with-pkgversion='Ubuntu 5.4.0-6ubuntu1~16.04.10' --with-bugurl=file:///usr/share/doc/gcc-5/README.Bugs --enable-languages=c,ada,c++,java,go,d,fortran,objc,obj-c++ --prefix=/usr --program-suffix=-5 --enable-shared --enable-linker-build-id --libexecdir=/usr/lib --without-included-gettext --enable-threads=posix --libdir=/usr/lib --enable-nls --with-sysroot=/ --enable-clocale=gnu --enable-libstdcxx-debug --enable-libstdcxx-time=yes --with-default-libstdcxx-abi=new --enable-gnu-unique-object --disable-vtable-verify --enable-libmpx --enable-plugin --with-system-zlib --disable-browser-plugin --enable-java-awt=gtk --enable-gtk-cairo --with-java-home=/usr/lib/jvm/java-1.5.0-gcj-5-amd64/jre --enable-java-home --with-jvm-root-dir=/usr/lib/jvm/java-1.5.0-gcj-5-amd64 --with-jvm-jar-dir=/usr/lib/jvm-exports/java-1.5.0-gcj-5-amd64 --with-arch-directory=amd64 --with-ecj-jar=/usr/share/java/eclipse-ecj.jar --enable-objc-gc --enable-multiarch --disable-werror --with-arch-32=i686 --with-abi=m64 --with-multilib-list=m32,m64,mx32 --enable-multilib --with-tune=generic --enable-checking=release --build=x86_64-linux-gnu --host=x86_64-linux-gnu --target=x86_64-linux-gnu
Thread model: posix
gcc version 5.4.0 20160609 (Ubuntu 5.4.0-6ubuntu1~16.04.10) 
COMPILER_PATH=/usr/lib/gcc/x86_64-linux-gnu/5/:/usr/lib/gcc/x86_64-linux-gnu/5/:/usr/lib/gcc/x86_64-linux-gnu/:/usr/lib/gcc/x86_64-linux-gnu/5/:/usr/lib/gcc/x86_64-linux-gnu/
LIBRARY_PATH=/usr/lib/gcc/x86_64-linux-gnu/5/:/usr/lib/gcc/x86_64-linux-gnu/5/../../../x86_64-linux-gnu/:/usr/lib/gcc/x86_64-linux-gnu/5/../../../../lib/:/lib/x86_64-linux-gnu/:/lib/../lib/:/usr/lib/x86_64-linux-gnu/:/usr/lib/../lib/:/usr/lib/gcc/x86_64-linux-gnu/5/../../../:/lib/:/usr/lib/
COLLECT_GCC_OPTIONS='-v' '-o' 'cmTC_dc0b5' '-rdynamic' '-shared-libgcc' '-mtune=generic' '-march=x86-64'
 /usr/lib/gcc/x86_64-linux-gnu/5/collect2 -plugin /usr/lib/gcc/x86_64-linux-gnu/5/liblto_plugin.so -plugin-opt=/usr/lib/gcc/x86_64-linux-gnu/5/lto-wrapper -plugin-opt=-fresolution=/tmp/cczJZ8HG.res -plugin-opt=-pass-through=-lgcc_s -plugin-opt=-pass-through=-lgcc -plugin-opt=-pass-through=-lc -plugin-opt=-pass-through=-lgcc_s -plugin-opt=-pass-through=-lgcc --sysroot=/ --build-id --eh-frame-hdr -m elf_x86_64 --hash-style=gnu --as-needed -export-dynamic -dynamic-linker /lib64/ld-linux-x86-64.so.2 -z relro -o cmTC_dc0b5 /usr/lib/gcc/x86_64-linux-gnu/5/../../../x86_64-linux-gnu/crt1.o /usr/lib/gcc/x86_64-linux-gnu/5/../../../x86_64-linux-gnu/crti.o /usr/lib/gcc/x86_64-linux-gnu/5/crtbegin.o -L/usr/lib/gcc/x86_64-linux-gnu/5 -L/usr/lib/gcc/x86_64-linux-gnu/5/../../../x86_64-linux-gnu -L/usr/lib/gcc/x86_64-linux-gnu/5/../../../../lib -L/lib/x86_64-linux-gnu -L/lib/../lib -L/usr/lib/x86_64-linux-gnu -L/usr/lib/../lib -L/usr/lib/gcc/x86_64-linux-gnu/5/../../.. CMakeFiles/cmTC_dc0b5.dir/CMakeCXXCompilerABI.cpp.o -lstdc++ -lm -lgcc_s -lgcc -lc -lgcc_s -lgcc /usr/lib/gcc/x86_64-linux-gnu/5/crtend.o /usr/lib/gcc/x86_64-linux-gnu/5/../../../x86_64-linux-gnu/crtn.o
make[1]: Leaving directory '/home/rain/ydlidar_ws/build/CMakeFiles/CMakeTmp'


Parsed CXX implicit link information from above output:
  link line regex: [^( *|.*[/\])(ld|([^/\]+-)?ld|collect2)[^/\]*( |$)]
  ignore line: [Change Dir: /home/rain/ydlidar_ws/build/CMakeFiles/CMakeTmp]
  ignore line: []
  ignore line: [Run Build Command:"/usr/bin/make" "cmTC_dc0b5/fast"]
  ignore line: [/usr/bin/make -f CMakeFiles/cmTC_dc0b5.dir/build.make CMakeFiles/cmTC_dc0b5.dir/build]
  ignore line: [make[1]: Entering directory '/home/rain/ydlidar_ws/build/CMakeFiles/CMakeTmp']
  ignore line: [Building CXX object CMakeFiles/cmTC_dc0b5.dir/CMakeCXXCompilerABI.cpp.o]
  ignore line: [/usr/bin/c++      -o CMakeFiles/cmTC_dc0b5.dir/CMakeCXXCompilerABI.cpp.o -c /usr/share/cmake-3.5/Modules/CMakeCXXCompilerABI.cpp]
  ignore line: [Linking CXX executable cmTC_dc0b5]
  ignore line: [/usr/bin/cmake -E cmake_link_script CMakeFiles/cmTC_dc0b5.dir/link.txt --verbose=1]
  ignore line: [/usr/bin/c++       -v CMakeFiles/cmTC_dc0b5.dir/CMakeCXXCompilerABI.cpp.o  -o cmTC_dc0b5 -rdynamic  ]
  ignore line: [Using built-in specs.]
  ignore line: [COLLECT_GCC=/usr/bin/c++]
  ignore line: [COLLECT_LTO_WRAPPER=/usr/lib/gcc/x86_64-linux-gnu/5/lto-wrapper]
  ignore line: [Target: x86_64-linux-gnu]
  ignore line: [Configured with: ../src/configure -v --with-pkgversion='Ubuntu 5.4.0-6ubuntu1~16.04.10' --with-bugurl=file:///usr/share/doc/gcc-5/README.Bugs --enable-languages=c,ada,c++,java,go,d,fortran,objc,obj-c++ --prefix=/usr --program-suffix=-5 --enable-shared --enable-linker-build-id --libexecdir=/usr/lib --without-included-gettext --enable-threads=posix --libdir=/usr/lib --enable-nls --with-sysroot=/ --enable-clocale=gnu --enable-libstdcxx-debug --enable-libstdcxx-time=yes --with-default-libstdcxx-abi=new --enable-gnu-unique-object --disable-vtable-verify --enable-libmpx --enable-plugin --with-system-zlib --disable-browser-plugin --enable-java-awt=gtk --enable-gtk-cairo --with-java-home=/usr/lib/jvm/java-1.5.0-gcj-5-amd64/jre --enable-java-home --with-jvm-root-dir=/usr/lib/jvm/java-1.5.0-gcj-5-amd64 --with-jvm-jar-dir=/usr/lib/jvm-exports/java-1.5.0-gcj-5-amd64 --with-arch-directory=amd64 --with-ecj-jar=/usr/share/java/eclipse-ecj.jar --enable-objc-gc --enable-multiarch --disable-werror --with-arch-32=i686 --with-abi=m64 --with-multilib-list=m32,m64,mx32 --enable-multilib --with-tune=generic --enable-checking=release --build=x86_64-linux-gnu --host=x86_64-linux-gnu --target=x86_64-linux-gnu]
  ignore line: [Thread model: posix]
  ignore line: [gcc version 5.4.0 20160609 (Ubuntu 5.4.0-6ubuntu1~16.04.10) ]
  ignore line: [COMPILER_PATH=/usr/lib/gcc/x86_64-linux-gnu/5/:/usr/lib/gcc/x86_64-linux-gnu/5/:/usr/lib/gcc/x86_64-linux-gnu/:/usr/lib/gcc/x86_64-linux-gnu/5/:/usr/lib/gcc/x86_64-linux-gnu/]
  ignore line: [LIBRARY_PATH=/usr/lib/gcc/x86_64-linux-gnu/5/:/usr/lib/gcc/x86_64-linux-gnu/5/../../../x86_64-linux-gnu/:/usr/lib/gcc/x86_64-linux-gnu/5/../../../../lib/:/lib/x86_64-linux-gnu/:/lib/../lib/:/usr/lib/x86_64-linux-gnu/:/usr/lib/../lib/:/usr/lib/gcc/x86_64-linux-gnu/5/../../../:/lib/:/usr/lib/]
  ignore line: [COLLECT_GCC_OPTIONS='-v' '-o' 'cmTC_dc0b5' '-rdynamic' '-shared-libgcc' '-mtune=generic' '-march=x86-64']
  link line: [ /usr/lib/gcc/x86_64-linux-gnu/5/collect2 -plugin /usr/lib/gcc/x86_64-linux-gnu/5/liblto_plugin.so -plugin-opt=/usr/lib/gcc/x86_64-linux-gnu/5/lto-wrapper -plugin-opt=-fresolution=/tmp/cczJZ8HG.res -plugin-opt=-pass-through=-lgcc_s -plugin-opt=-pass-through=-lgcc -plugin-opt=-pass-through=-lc -plugin-opt=-pass-through=-lgcc_s -plugin-opt=-pass-through=-lgcc --sysroot=/ --build-id --eh-frame-hdr -m elf_x86_64 --hash-style=gnu --as-needed -export-dynamic -dynamic-linker /lib64/ld-linux-x86-64.so.2 -z relro -o cmTC_dc0b5 /usr/lib/gcc/x86_64-linux-gnu/5/../../../x86_64-linux-gnu/crt1.o /usr/lib/gcc/x86_64-linux-gnu/5/../../../x86_64-linux-gnu/crti.o /usr/lib/gcc/x86_64-linux-gnu/5/crtbegin.o -L/usr/lib/gcc/x86_64-linux-gnu/5 -L/usr/lib/gcc/x86_64-linux-gnu/5/../../../x86_64-linux-gnu -L/usr/lib/gcc/x86_64-linux-gnu/5/../../../../lib -L/lib/x86_64-linux-gnu -L/lib/../lib -L/usr/lib/x86_64-linux-gnu -L/usr/lib/../lib -L/usr/lib/gcc/x86_64-linux-gnu/5/../../.. CMakeFiles/cmTC_dc0b5.dir/CMakeCXXCompilerABI.cpp.o -lstdc++ -lm -lgcc_s -lgcc -lc -lgcc_s -lgcc /usr/lib/gcc/x86_64-linux-gnu/5/crtend.o /usr/lib/gcc/x86_64-linux-gnu/5/../../../x86_64-linux-gnu/crtn.o]
    arg [/usr/lib/gcc/x86_64-linux-gnu/5/collect2] ==> ignore
    arg [-plugin] ==> ignore
    arg [/usr/lib/gcc/x86_64-linux-gnu/5/liblto_plugin.so] ==> ignore
    arg [-plugin-opt=/usr/lib/gcc/x86_64-linux-gnu/5/lto-wrapper] ==> ignore
    arg [-plugin-opt=-fresolution=/tmp/cczJZ8HG.res] ==> ignore
    arg [-plugin-opt=-pass-through=-lgcc_s] ==> ignore
    arg [-plugin-opt=-pass-through=-lgcc] ==> ignore
    arg [-plugin-opt=-pass-through=-lc] ==> ignore
    arg [-plugin-opt=-pass-through=-lgcc_s] ==> ignore
    arg [-plugin-opt=-pass-through=-lgcc] ==> ignore
    arg [--sysroot=/] ==> ignore
    arg [--build-id] ==> ignore
    arg [--eh-frame-hdr] ==> ignore
    arg [-m] ==> ignore
    arg [elf_x86_64] ==> ignore
    arg [--hash-style=gnu] ==> ignore
    arg [--as-needed] ==> ignore
    arg [-export-dynamic] ==> ignore
    arg [-dynamic-linker] ==> ignore
    arg [/lib64/ld-linux-x86-64.so.2] ==> ignore
    arg [-zrelro] ==> ignore
    arg [-o] ==> ignore
    arg [cmTC_dc0b5] ==> ignore
    arg [/usr/lib/gcc/x86_64-linux-gnu/5/../../../x86_64-linux-gnu/crt1.o] ==> ignore
    arg [/usr/lib/gcc/x86_64-linux-gnu/5/../../../x86_64-linux-gnu/crti.o] ==> ignore
    arg [/usr/lib/gcc/x86_64-linux-gnu/5/crtbegin.o] ==> ignore
    arg [-L/usr/lib/gcc/x86_64-linux-gnu/5] ==> dir [/usr/lib/gcc/x86_64-linux-gnu/5]
    arg [-L/usr/lib/gcc/x86_64-linux-gnu/5/../../../x86_64-linux-gnu] ==> dir [/usr/lib/gcc/x86_64-linux-gnu/5/../../../x86_64-linux-gnu]
    arg [-L/usr/lib/gcc/x86_64-linux-gnu/5/../../../../lib] ==> dir [/usr/lib/gcc/x86_64-linux-gnu/5/../../../../lib]
    arg [-L/lib/x86_64-linux-gnu] ==> dir [/lib/x86_64-linux-gnu]
    arg [-L/lib/../lib] ==> dir [/lib/../lib]
    arg [-L/usr/lib/x86_64-linux-gnu] ==> dir [/usr/lib/x86_64-linux-gnu]
    arg [-L/usr/lib/../lib] ==> dir [/usr/lib/../lib]
    arg [-L/usr/lib/gcc/x86_64-linux-gnu/5/../../..] ==> dir [/usr/lib/gcc/x86_64-linux-gnu/5/../../..]
    arg [CMakeFiles/cmTC_dc0b5.dir/CMakeCXXCompilerABI.cpp.o] ==> ignore
    arg [-lstdc++] ==> lib [stdc++]
    arg [-lm] ==> lib [m]
    arg [-lgcc_s] ==> lib [gcc_s]
    arg [-lgcc] ==> lib [gcc]
    arg [-lc] ==> lib [c]
    arg [-lgcc_s] ==> lib [gcc_s]
    arg [-lgcc] ==> lib [gcc]
    arg [/usr/lib/gcc/x86_64-linux-gnu/5/crtend.o] ==> ignore
    arg [/usr/lib/gcc/x86_64-linux-gnu/5/../../../x86_64-linux-gnu/crtn.o] ==> ignore
  remove lib [gcc_s]
  remove lib [gcc]
  remove lib [gcc_s]
  remove lib [gcc]
  collapse library dir [/usr/lib/gcc/x86_64-linux-gnu/5] ==> [/usr/lib/gcc/x86_64-linux-gnu/5]
  collapse library dir [/usr/lib/gcc/x86_64-linux-gnu/5/../../../x86_64-linux-gnu] ==> [/usr/lib/x86_64-linux-gnu]
  collapse library dir [/usr/lib/gcc/x86_64-linux-gnu/5/../../../../lib] ==> [/usr/lib]
  collapse library dir [/lib/x86_64-linux-gnu] ==> [/lib/x86_64-linux-gnu]
  collapse library dir [/lib/../lib] ==> [/lib]
  collapse library dir [/usr/lib/x86_64-linux-gnu] ==> [/usr/lib/x86_64-linux-gnu]
  collapse library dir [/usr/lib/../lib] ==> [/usr/lib]
  collapse library dir [/usr/lib/gcc/x86_64-linux-gnu/5/../../..] ==> [/usr/lib]
  implicit libs: [stdc++;m;c]
  implicit dirs: [/usr/lib/gcc/x86_64-linux-gnu/5;/usr/lib/x86_64-linux-gnu;/usr/lib;/lib/x86_64-linux-gnu;/lib]
  implicit fwks: []




Detecting CXX [-std=c++14] compiler features compiled with the following output:
Change Dir: /home/rain/ydlidar_ws/build/CMakeFiles/CMakeTmp

Run Build Command:"/usr/bin/make" "cmTC_1bf03/fast"
/usr/bin/make -f CMakeFiles/cmTC_1bf03.dir/build.make CMakeFiles/cmTC_1bf03.dir/build
make[1]: Entering directory '/home/rain/ydlidar_ws/build/CMakeFiles/CMakeTmp'
Building CXX object CMakeFiles/cmTC_1bf03.dir/feature_tests.cxx.o
/usr/bin/c++     -std=c++14 -o CMakeFiles/cmTC_1bf03.dir/feature_tests.cxx.o -c /home/rain/ydlidar_ws/build/CMakeFiles/feature_tests.cxx
Linking CXX executable cmTC_1bf03
/usr/bin/cmake -E cmake_link_script CMakeFiles/cmTC_1bf03.dir/link.txt --verbose=1
/usr/bin/c++        CMakeFiles/cmTC_1bf03.dir/feature_tests.cxx.o  -o cmTC_1bf03 -rdynamic 
make[1]: Leaving directory '/home/rain/ydlidar_ws/build/CMakeFiles/CMakeTmp'


    Feature record: CXX_FEATURE:1cxx_aggregate_default_initializers
    Feature record: CXX_FEATURE:1cxx_alias_templates
    Feature record: CXX_FEATURE:1cxx_alignas
    Feature record: CXX_FEATURE:1cxx_alignof
    Feature record: CXX_FEATURE:1cxx_attributes
    Feature record: CXX_FEATURE:1cxx_attribute_deprecated
    Feature record: CXX_FEATURE:1cxx_auto_type
    Feature record: CXX_FEATURE:1cxx_binary_literals
    Feature record: CXX_FEATURE:1cxx_constexpr
    Feature record: CXX_FEATURE:1cxx_contextual_conversions
    Feature record: CXX_FEATURE:1cxx_decltype
    Feature record: CXX_FEATURE:1cxx_decltype_auto
    Feature record: CXX_FEATURE:1cxx_decltype_incomplete_return_types
    Feature record: CXX_FEATURE:1cxx_default_function_template_args
    Feature record: CXX_FEATURE:1cxx_defaulted_functions
    Feature record: CXX_FEATURE:1cxx_defaulted_move_initializers
    Feature record: CXX_FEATURE:1cxx_delegating_constructors
    Feature record: CXX_FEATURE:1cxx_deleted_functions
    Feature record: CXX_FEATURE:1cxx_digit_separators
    Feature record: CXX_FEATURE:1cxx_enum_forward_declarations
    Feature record: CXX_FEATURE:1cxx_explicit_conversions
    Feature record: CXX_FEATURE:1cxx_extended_friend_declarations
    Feature record: CXX_FEATURE:1cxx_extern_templates
    Feature record: CXX_FEATURE:1cxx_final
    Feature record: CXX_FEATURE:1cxx_func_identifier
    Feature record: CXX_FEATURE:1cxx_generalized_initializers
    Feature record: CXX_FEATURE:1cxx_generic_lambdas
    Feature record: CXX_FEATURE:1cxx_inheriting_constructors
    Feature record: CXX_FEATURE:1cxx_inline_namespaces
    Feature record: CXX_FEATURE:1cxx_lambdas
    Feature record: CXX_FEATURE:1cxx_lambda_init_captures
    Feature record: CXX_FEATURE:1cxx_local_type_template_args
    Feature record: CXX_FEATURE:1cxx_long_long_type
    Feature record: CXX_FEATURE:1cxx_noexcept
    Feature record: CXX_FEATURE:1cxx_nonstatic_member_init
    Feature record: CXX_FEATURE:1cxx_nullptr
    Feature record: CXX_FEATURE:1cxx_override
    Feature record: CXX_FEATURE:1cxx_range_for
    Feature record: CXX_FEATURE:1cxx_raw_string_literals
    Feature record: CXX_FEATURE:1cxx_reference_qualified_functions
    Feature record: CXX_FEATURE:1cxx_relaxed_constexpr
    Feature record: CXX_FEATURE:1cxx_return_type_deduction
    Feature record: CXX_FEATURE:1cxx_right_angle_brackets
    Feature record: CXX_FEATURE:1cxx_rvalue_references
    Feature record: CXX_FEATURE:1cxx_sizeof_member
    Feature record: CXX_FEATURE:1cxx_static_assert
    Feature record: CXX_FEATURE:1cxx_strong_enums
    Feature record: CXX_FEATURE:1cxx_template_template_parameters
    Feature record: CXX_FEATURE:1cxx_thread_local
    Feature record: CXX_FEATURE:1cxx_trailing_return_types
    Feature record: CXX_FEATURE:1cxx_unicode_literals
    Feature record: CXX_FEATURE:1cxx_uniform_initialization
    Feature record: CXX_FEATURE:1cxx_unrestricted_unions
    Feature record: CXX_FEATURE:1cxx_user_literals
    Feature record: CXX_FEATURE:1cxx_variable_templates
    Feature record: CXX_FEATURE:1cxx_variadic_macros
    Feature record: CXX_FEATURE:1cxx_variadic_templates


Detecting CXX [-std=c++11] compiler features compiled with the following output:
Change Dir: /home/rain/ydlidar_ws/build/CMakeFiles/CMakeTmp

Run Build Command:"/usr/bin/make" "cmTC_e32f2/fast"
/usr/bin/make -f CMakeFiles/cmTC_e32f2.dir/build.make CMakeFiles/cmTC_e32f2.dir/build
make[1]: Entering directory '/home/rain/ydlidar_ws/build/CMakeFiles/CMakeTmp'
Building CXX object CMakeFiles/cmTC_e32f2.dir/feature_tests.cxx.o
/usr/bin/c++     -std=c++11 -o CMakeFiles/cmTC_e32f2.dir/feature_tests.cxx.o -c /home/rain/ydlidar_ws/build/CMakeFiles/feature_tests.cxx
Linking CXX executable cmTC_e32f2
/usr/bin/cmake -E cmake_link_script CMakeFiles/cmTC_e32f2.dir/link.txt --verbose=1
/usr/bin/c++        CMakeFiles/cmTC_e32f2.dir/feature_tests.cxx.o  -o cmTC_e32f2 -rdynamic 
make[1]: Leaving directory '/home/rain/ydlidar_ws/build/CMakeFiles/CMakeTmp'


    Feature record: CXX_FEATURE:0cxx_aggregate_default_initializers
    Feature record: CXX_FEATURE:1cxx_alias_templates
    Feature record: CXX_FEATURE:1cxx_alignas
    Feature record: CXX_FEATURE:1cxx_alignof
    Feature record: CXX_FEATURE:1cxx_attributes
    Feature record: CXX_FEATURE:0cxx_attribute_deprecated
    Feature record: CXX_FEATURE:1cxx_auto_type
    Feature record: CXX_FEATURE:0cxx_binary_literals
    Feature record: CXX_FEATURE:1cxx_constexpr
    Feature record: CXX_FEATURE:0cxx_contextual_conversions
    Feature record: CXX_FEATURE:1cxx_decltype
    Feature record: CXX_FEATURE:0cxx_decltype_auto
    Feature record: CXX_FEATURE:1cxx_decltype_incomplete_return_types
    Feature record: CXX_FEATURE:1cxx_default_function_template_args
    Feature record: CXX_FEATURE:1cxx_defaulted_functions
    Feature record: CXX_FEATURE:1cxx_defaulted_move_initializers
    Feature record: CXX_FEATURE:1cxx_delegating_constructors
    Feature record: CXX_FEATURE:1cxx_deleted_functions
    Feature record: CXX_FEATURE:0cxx_digit_separators
    Feature record: CXX_FEATURE:1cxx_enum_forward_declarations
    Feature record: CXX_FEATURE:1cxx_explicit_conversions
    Feature record: CXX_FEATURE:1cxx_extended_friend_declarations
    Feature record: CXX_FEATURE:1cxx_extern_templates
    Feature record: CXX_FEATURE:1cxx_final
    Feature record: CXX_FEATURE:1cxx_func_identifier
    Feature record: CXX_FEATURE:1cxx_generalized_initializers
    Feature record: CXX_FEATURE:0cxx_generic_lambdas
    Feature record: CXX_FEATURE:1cxx_inheriting_constructors
    Feature record: CXX_FEATURE:1cxx_inline_namespaces
    Feature record: CXX_FEATURE:1cxx_lambdas
    Feature record: CXX_FEATURE:0cxx_lambda_init_captures
    Feature record: CXX_FEATURE:1cxx_local_type_template_args
    Feature record: CXX_FEATURE:1cxx_long_long_type
    Feature record: CXX_FEATURE:1cxx_noexcept
    Feature record: CXX_FEATURE:1cxx_nonstatic_member_init
    Feature record: CXX_FEATURE:1cxx_nullptr
    Feature record: CXX_FEATURE:1cxx_override
    Feature record: CXX_FEATURE:1cxx_range_for
    Feature record: CXX_FEATURE:1cxx_raw_string_literals
    Feature record: CXX_FEATURE:1cxx_reference_qualified_functions
    Feature record: CXX_FEATURE:0cxx_relaxed_constexpr
    Feature record: CXX_FEATURE:0cxx_return_type_deduction
    Feature record: CXX_FEATURE:1cxx_right_angle_brackets
    Feature record: CXX_FEATURE:1cxx_rvalue_references
    Feature record: CXX_FEATURE:1cxx_sizeof_member
    Feature record: CXX_FEATURE:1cxx_static_assert
    Feature record: CXX_FEATURE:1cxx_strong_enums
    Feature record: CXX_FEATURE:1cxx_template_template_parameters
    Feature record: CXX_FEATURE:1cxx_thread_local
    Feature record: CXX_FEATURE:1cxx_trailing_return_types
    Feature record: CXX_FEATURE:1cxx_unicode_literals
    Feature record: CXX_FEATURE:1cxx_uniform_initialization
    Feature record: CXX_FEATURE:1cxx_unrestricted_unions
    Feature record: CXX_FEATURE:1cxx_user_literals
    Feature record: CXX_FEATURE:0cxx_variable_templates
    Feature record: CXX_FEATURE:1cxx_variadic_macros
    Feature record: CXX_FEATURE:1cxx_variadic_templates


Detecting CXX [-std=c++98] compiler features compiled with the following output:
Change Dir: /home/rain/ydlidar_ws/build/CMakeFiles/CMakeTmp

Run Build Command:"/usr/bin/make" "cmTC_5a1fb/fast"
/usr/bin/make -f CMakeFiles/cmTC_5a1fb.dir/build.make CMakeFiles/cmTC_5a1fb.dir/build
make[1]: Entering directory '/home/rain/ydlidar_ws/build/CMakeFiles/CMakeTmp'
Building CXX object CMakeFiles/cmTC_5a1fb.dir/feature_tests.cxx.o
/usr/bin/c++     -std=c++98 -o CMakeFiles/cmTC_5a1fb.dir/feature_tests.cxx.o -c /home/rain/ydlidar_ws/build/CMakeFiles/feature_tests.cxx
Linking CXX executable cmTC_5a1fb
/usr/bin/cmake -E cmake_link_script CMakeFiles/cmTC_5a1fb.dir/link.txt --verbose=1
/usr/bin/c++        CMakeFiles/cmTC_5a1fb.dir/feature_tests.cxx.o  -o cmTC_5a1fb -rdynamic 
make[1]: Leaving directory '/home/rain/ydlidar_ws/build/CMakeFiles/CMakeTmp'


    Feature record: CXX_FEATURE:0cxx_aggregate_default_initializers
    Feature record: CXX_FEATURE:0cxx_alias_templates
    Feature record: CXX_FEATURE:0cxx_alignas
    Feature record: CXX_FEATURE:0cxx_alignof
    Feature record: CXX_FEATURE:0cxx_attributes
    Feature record: CXX_FEATURE:0cxx_attribute_deprecated
    Feature record: CXX_FEATURE:0cxx_auto_type
    Feature record: CXX_FEATURE:0cxx_binary_literals
    Feature record: CXX_FEATURE:0cxx_constexpr
    Feature record: CXX_FEATURE:0cxx_contextual_conversions
    Feature record: CXX_FEATURE:0cxx_decltype
    Feature record: CXX_FEATURE:0cxx_decltype_auto
    Feature record: CXX_FEATURE:0cxx_decltype_incomplete_return_types
    Feature record: CXX_FEATURE:0cxx_default_function_template_args
    Feature record: CXX_FEATURE:0cxx_defaulted_functions
    Feature record: CXX_FEATURE:0cxx_defaulted_move_initializers
    Feature record: CXX_FEATURE:0cxx_delegating_constructors
    Feature record: CXX_FEATURE:0cxx_deleted_functions
    Feature record: CXX_FEATURE:0cxx_digit_separators
    Feature record: CXX_FEATURE:0cxx_enum_forward_declarations
    Feature record: CXX_FEATURE:0cxx_explicit_conversions
    Feature record: CXX_FEATURE:0cxx_extended_friend_declarations
    Feature record: CXX_FEATURE:0cxx_extern_templates
    Feature record: CXX_FEATURE:0cxx_final
    Feature record: CXX_FEATURE:0cxx_func_identifier
    Feature record: CXX_FEATURE:0cxx_generalized_initializers
    Feature record: CXX_FEATURE:0cxx_generic_lambdas
    Feature record: CXX_FEATURE:0cxx_inheriting_constructors
    Feature record: CXX_FEATURE:0cxx_inline_namespaces
    Feature record: CXX_FEATURE:0cxx_lambdas
    Feature record: CXX_FEATURE:0cxx_lambda_init_captures
    Feature record: CXX_FEATURE:0cxx_local_type_template_args
    Feature record: CXX_FEATURE:0cxx_long_long_type
    Feature record: CXX_FEATURE:0cxx_noexcept
    Feature record: CXX_FEATURE:0cxx_nonstatic_member_init
    Feature record: CXX_FEATURE:0cxx_nullptr
    Feature record: CXX_FEATURE:0cxx_override
    Feature record: CXX_FEATURE:0cxx_range_for
    Feature record: CXX_FEATURE:0cxx_raw_string_literals
    Feature record: CXX_FEATURE:0cxx_reference_qualified_functions
    Feature record: CXX_FEATURE:0cxx_relaxed_constexpr
    Feature record: CXX_FEATURE:0cxx_return_type_deduction
    Feature record: CXX_FEATURE:0cxx_right_angle_brackets
    Feature record: CXX_FEATURE:0cxx_rvalue_references
    Feature record: CXX_FEATURE:0cxx_sizeof_member
    Feature record: CXX_FEATURE:0cxx_static_assert
    Feature record: CXX_FEATURE:0cxx_strong_enums
    Feature record: CXX_FEATURE:1cxx_template_template_parameters
    Feature record: CXX_FEATURE:0cxx_thread_local
    Feature record: CXX_FEATURE:0cxx_trailing_return_types
    Feature record: CXX_FEATURE:0cxx_unicode_literals
    Feature record: CXX_FEATURE:0cxx_uniform_initialization
    Feature record: CXX_FEATURE:0cxx_unrestricted_unions
    Feature record: CXX_FEATURE:0cxx_user_literals
    Feature record: CXX_FEATURE:0cxx_variable_templates
    Feature record: CXX_FEATURE:0cxx_variadic_macros
    Feature record: CXX_FEATURE:0cxx_variadic_templates
Determining if the include file pthread.h exists passed with the following output:
Change Dir: /home/rain/ydlidar_ws/build/CMakeFiles/CMakeTmp

Run Build Command:"/usr/bin/make" "cmTC_ba930/fast"
/usr/bin/make -f CMakeFiles/cmTC_ba930.dir/build.make CMakeFiles/cmTC_ba930.dir/build
make[1]: Entering directory '/home/rain/ydlidar_ws/build/CMakeFiles/CMakeTmp'
Building C object CMakeFiles/cmTC_ba930.dir/CheckIncludeFile.c.o
/usr/bin/cc     -o CMakeFiles/cmTC_ba930.dir/CheckIncludeFile.c.o   -c /home/rain/ydlidar_ws/build/CMakeFiles/CMakeTmp/CheckIncludeFile.c
Linking C executable cmTC_ba930
/usr/bin/cmake -E cmake_link_script CMakeFiles/cmTC_ba930.dir/link.txt --verbose=1
/usr/bin/cc       CMakeFiles/cmTC_ba930.dir/CheckIncludeFile.c.o  -o cmTC_ba930 -rdynamic 
make[1]: Leaving directory '/home/rain/ydlidar_ws/build/CMakeFiles/CMakeTmp'


Determining if the function pthread_create exists in the pthread passed with the following output:
Change Dir: /home/rain/ydlidar_ws/build/CMakeFiles/CMakeTmp

Run Build Command:"/usr/bin/make" "cmTC_e3fc5/fast"
/usr/bin/make -f CMakeFiles/cmTC_e3fc5.dir/build.make CMakeFiles/cmTC_e3fc5.dir/build
make[1]: Entering directory '/home/rain/ydlidar_ws/build/CMakeFiles/CMakeTmp'
Building C object CMakeFiles/cmTC_e3fc5.dir/CheckFunctionExists.c.o
/usr/bin/cc    -DCHECK_FUNCTION_EXISTS=pthread_create   -o CMakeFiles/cmTC_e3fc5.dir/CheckFunctionExists.c.o   -c /usr/share/cmake-3.5/Modules/CheckFunctionExists.c
Linking C executable cmTC_e3fc5
/usr/bin/cmake -E cmake_link_script CMakeFiles/cmTC_e3fc5.dir/link.txt --verbose=1
/usr/bin/cc   -DCHECK_FUNCTION_EXISTS=pthread_create    CMakeFiles/cmTC_e3fc5.dir/CheckFunctionExists.c.o  -o cmTC_e3fc5 -rdynamic -lpthread 
make[1]: Leaving directory '/home/rain/ydlidar_ws/build/CMakeFiles/CMakeTmp'


Determining if the Q_WS_X11 exist passed with the following output:
Change Dir: /home/rain/ydlidar_ws/build/CMakeFiles/CMakeTmp

Run Build Command:"/usr/bin/make" "cmTC_0c52b/fast"
/usr/bin/make -f CMakeFiles/cmTC_0c52b.dir/build.make CMakeFiles/cmTC_0c52b.dir/build
make[1]: Entering directory '/home/rain/ydlidar_ws/build/CMakeFiles/CMakeTmp'
Building CXX object CMakeFiles/cmTC_0c52b.dir/CheckSymbolExists.cxx.o
/usr/bin/c++    -I/usr/include/qt4   -o CMakeFiles/cmTC_0c52b.dir/CheckSymbolExists.cxx.o -c /home/rain/ydlidar_ws/build/CMakeFiles/CMakeTmp/CheckSymbolExists.cxx
Linking CXX executable cmTC_0c52b
/usr/bin/cmake -E cmake_link_script CMakeFiles/cmTC_0c52b.dir/link.txt --verbose=1
/usr/bin/c++        CMakeFiles/cmTC_0c52b.dir/CheckSymbolExists.cxx.o  -o cmTC_0c52b -rdynamic 
make[1]: Leaving directory '/home/rain/ydlidar_ws/build/CMakeFiles/CMakeTmp'

File /home/rain/ydlidar_ws/build/CMakeFiles/CMakeTmp/CheckSymbolExists.cxx:
/* */
#include <QtCore/qglobal.h>

int main(int argc, char** argv)
{
  (void)argv;
#ifndef Q_WS_X11
  return ((int*)(&Q_WS_X11))[argc];
#else
  (void)argc;
  return 0;
#endif
}

Determining if the include file fcntl.h exists passed with the following output:
Change Dir: /home/rain/ydlidar_ws/build/CMakeFiles/CMakeTmp

Run Build Command:"/usr/bin/make" "cmTC_91e2f/fast"
make[1]: Entering directory '/home/rain/ydlidar_ws/build/CMakeFiles/CMakeTmp'
/usr/bin/make -f CMakeFiles/cmTC_91e2f.dir/build.make CMakeFiles/cmTC_91e2f.dir/build
make[2]: Entering directory '/home/rain/ydlidar_ws/build/CMakeFiles/CMakeTmp'
Building C object CMakeFiles/cmTC_91e2f.dir/CheckIncludeFile.c.o
/usr/bin/cc    -I/usr/include  -I/usr/include/cairo -std=c99 -fPIC -ggdb -Wall    -o CMakeFiles/cmTC_91e2f.dir/CheckIncludeFile.c.o   -c /home/rain/ydlidar_ws/build/CMakeFiles/CMakeTmp/CheckIncludeFile.c
Linking C executable cmTC_91e2f
/usr/bin/cmake -E cmake_link_script CMakeFiles/cmTC_91e2f.dir/link.txt --verbose=1
/usr/bin/cc    -I/usr/include  -I/usr/include/cairo -std=c99 -fPIC -ggdb -Wall     CMakeFiles/cmTC_91e2f.dir/CheckIncludeFile.c.o  -o cmTC_91e2f -rdynamic 
make[2]: Leaving directory '/home/rain/ydlidar_ws/build/CMakeFiles/CMakeTmp'
make[1]: Leaving directory '/home/rain/ydlidar_ws/build/CMakeFiles/CMakeTmp'


Determining if the include file inttypes.h exists passed with the following output:
Change Dir: /home/rain/ydlidar_ws/build/CMakeFiles/CMakeTmp

Run Build Command:"/usr/bin/make" "cmTC_88c17/fast"
make[1]: Entering directory '/home/rain/ydlidar_ws/build/CMakeFiles/CMakeTmp'
/usr/bin/make -f CMakeFiles/cmTC_88c17.dir/build.make CMakeFiles/cmTC_88c17.dir/build
make[2]: Entering directory '/home/rain/ydlidar_ws/build/CMakeFiles/CMakeTmp'
Building C object CMakeFiles/cmTC_88c17.dir/CheckIncludeFile.c.o
/usr/bin/cc    -I/usr/include  -I/usr/include/cairo -std=c99 -fPIC -ggdb -Wall    -o CMakeFiles/cmTC_88c17.dir/CheckIncludeFile.c.o   -c /home/rain/ydlidar_ws/build/CMakeFiles/CMakeTmp/CheckIncludeFile.c
Linking C executable cmTC_88c17
/usr/bin/cmake -E cmake_link_script CMakeFiles/cmTC_88c17.dir/link.txt --verbose=1
/usr/bin/cc    -I/usr/include  -I/usr/include/cairo -std=c99 -fPIC -ggdb -Wall     CMakeFiles/cmTC_88c17.dir/CheckIncludeFile.c.o  -o cmTC_88c17 -rdynamic 
make[2]: Leaving directory '/home/rain/ydlidar_ws/build/CMakeFiles/CMakeTmp'
make[1]: Leaving directory '/home/rain/ydlidar_ws/build/CMakeFiles/CMakeTmp'


Determining if the include file limits.h exists passed with the following output:
Change Dir: /home/rain/ydlidar_ws/build/CMakeFiles/CMakeTmp

Run Build Command:"/usr/bin/make" "cmTC_50acd/fast"
make[1]: Entering directory '/home/rain/ydlidar_ws/build/CMakeFiles/CMakeTmp'
/usr/bin/make -f CMakeFiles/cmTC_50acd.dir/build.make CMakeFiles/cmTC_50acd.dir/build
make[2]: Entering directory '/home/rain/ydlidar_ws/build/CMakeFiles/CMakeTmp'
Building C object CMakeFiles/cmTC_50acd.dir/CheckIncludeFile.c.o
/usr/bin/cc    -I/usr/include  -I/usr/include/cairo -std=c99 -fPIC -ggdb -Wall    -o CMakeFiles/cmTC_50acd.dir/CheckIncludeFile.c.o   -c /home/rain/ydlidar_ws/build/CMakeFiles/CMakeTmp/CheckIncludeFile.c
Linking C executable cmTC_50acd
/usr/bin/cmake -E cmake_link_script CMakeFiles/cmTC_50acd.dir/link.txt --verbose=1
/usr/bin/cc    -I/usr/include  -I/usr/include/cairo -std=c99 -fPIC -ggdb -Wall     CMakeFiles/cmTC_50acd.dir/CheckIncludeFile.c.o  -o cmTC_50acd -rdynamic 
make[2]: Leaving directory '/home/rain/ydlidar_ws/build/CMakeFiles/CMakeTmp'
make[1]: Leaving directory '/home/rain/ydlidar_ws/build/CMakeFiles/CMakeTmp'


Determining if the include file memory.h exists passed with the following output:
Change Dir: /home/rain/ydlidar_ws/build/CMakeFiles/CMakeTmp

Run Build Command:"/usr/bin/make" "cmTC_d88d0/fast"
make[1]: Entering directory '/home/rain/ydlidar_ws/build/CMakeFiles/CMakeTmp'
/usr/bin/make -f CMakeFiles/cmTC_d88d0.dir/build.make CMakeFiles/cmTC_d88d0.dir/build
make[2]: Entering directory '/home/rain/ydlidar_ws/build/CMakeFiles/CMakeTmp'
Building C object CMakeFiles/cmTC_d88d0.dir/CheckIncludeFile.c.o
/usr/bin/cc    -I/usr/include  -I/usr/include/cairo -std=c99 -fPIC -ggdb -Wall    -o CMakeFiles/cmTC_d88d0.dir/CheckIncludeFile.c.o   -c /home/rain/ydlidar_ws/build/CMakeFiles/CMakeTmp/CheckIncludeFile.c
Linking C executable cmTC_d88d0
/usr/bin/cmake -E cmake_link_script CMakeFiles/cmTC_d88d0.dir/link.txt --verbose=1
/usr/bin/cc    -I/usr/include  -I/usr/include/cairo -std=c99 -fPIC -ggdb -Wall     CMakeFiles/cmTC_d88d0.dir/CheckIncludeFile.c.o  -o cmTC_d88d0 -rdynamic 
make[2]: Leaving directory '/home/rain/ydlidar_ws/build/CMakeFiles/CMakeTmp'
make[1]: Leaving directory '/home/rain/ydlidar_ws/build/CMakeFiles/CMakeTmp'


Determining if the include file stdarg.h exists passed with the following output:
Change Dir: /home/rain/ydlidar_ws/build/CMakeFiles/CMakeTmp

Run Build Command:"/usr/bin/make" "cmTC_37ca9/fast"
make[1]: Entering directory '/home/rain/ydlidar_ws/build/CMakeFiles/CMakeTmp'
/usr/bin/make -f CMakeFiles/cmTC_37ca9.dir/build.make CMakeFiles/cmTC_37ca9.dir/build
make[2]: Entering directory '/home/rain/ydlidar_ws/build/CMakeFiles/CMakeTmp'
Building C object CMakeFiles/cmTC_37ca9.dir/CheckIncludeFile.c.o
/usr/bin/cc    -I/usr/include  -I/usr/include/cairo -std=c99 -fPIC -ggdb -Wall    -o CMakeFiles/cmTC_37ca9.dir/CheckIncludeFile.c.o   -c /home/rain/ydlidar_ws/build/CMakeFiles/CMakeTmp/CheckIncludeFile.c
Linking C executable cmTC_37ca9
/usr/bin/cmake -E cmake_link_script CMakeFiles/cmTC_37ca9.dir/link.txt --verbose=1
/usr/bin/cc    -I/usr/include  -I/usr/include/cairo -std=c99 -fPIC -ggdb -Wall     CMakeFiles/cmTC_37ca9.dir/CheckIncludeFile.c.o  -o cmTC_37ca9 -rdynamic 
make[2]: Leaving directory '/home/rain/ydlidar_ws/build/CMakeFiles/CMakeTmp'
make[1]: Leaving directory '/home/rain/ydlidar_ws/build/CMakeFiles/CMakeTmp'


Determining if the include file stdint.h exists passed with the following output:
Change Dir: /home/rain/ydlidar_ws/build/CMakeFiles/CMakeTmp

Run Build Command:"/usr/bin/make" "cmTC_0853a/fast"
make[1]: Entering directory '/home/rain/ydlidar_ws/build/CMakeFiles/CMakeTmp'
/usr/bin/make -f CMakeFiles/cmTC_0853a.dir/build.make CMakeFiles/cmTC_0853a.dir/build
make[2]: Entering directory '/home/rain/ydlidar_ws/build/CMakeFiles/CMakeTmp'
Building C object CMakeFiles/cmTC_0853a.dir/CheckIncludeFile.c.o
/usr/bin/cc    -I/usr/include  -I/usr/include/cairo -std=c99 -fPIC -ggdb -Wall    -o CMakeFiles/cmTC_0853a.dir/CheckIncludeFile.c.o   -c /home/rain/ydlidar_ws/build/CMakeFiles/CMakeTmp/CheckIncludeFile.c
Linking C executable cmTC_0853a
/usr/bin/cmake -E cmake_link_script CMakeFiles/cmTC_0853a.dir/link.txt --verbose=1
/usr/bin/cc    -I/usr/include  -I/usr/include/cairo -std=c99 -fPIC -ggdb -Wall     CMakeFiles/cmTC_0853a.dir/CheckIncludeFile.c.o  -o cmTC_0853a -rdynamic 
make[2]: Leaving directory '/home/rain/ydlidar_ws/build/CMakeFiles/CMakeTmp'
make[1]: Leaving directory '/home/rain/ydlidar_ws/build/CMakeFiles/CMakeTmp'


Determining if the include file stdlib.h exists passed with the following output:
Change Dir: /home/rain/ydlidar_ws/build/CMakeFiles/CMakeTmp

Run Build Command:"/usr/bin/make" "cmTC_40d17/fast"
make[1]: Entering directory '/home/rain/ydlidar_ws/build/CMakeFiles/CMakeTmp'
/usr/bin/make -f CMakeFiles/cmTC_40d17.dir/build.make CMakeFiles/cmTC_40d17.dir/build
make[2]: Entering directory '/home/rain/ydlidar_ws/build/CMakeFiles/CMakeTmp'
Building C object CMakeFiles/cmTC_40d17.dir/CheckIncludeFile.c.o
/usr/bin/cc    -I/usr/include  -I/usr/include/cairo -std=c99 -fPIC -ggdb -Wall    -o CMakeFiles/cmTC_40d17.dir/CheckIncludeFile.c.o   -c /home/rain/ydlidar_ws/build/CMakeFiles/CMakeTmp/CheckIncludeFile.c
Linking C executable cmTC_40d17
/usr/bin/cmake -E cmake_link_script CMakeFiles/cmTC_40d17.dir/link.txt --verbose=1
/usr/bin/cc    -I/usr/include  -I/usr/include/cairo -std=c99 -fPIC -ggdb -Wall     CMakeFiles/cmTC_40d17.dir/CheckIncludeFile.c.o  -o cmTC_40d17 -rdynamic 
make[2]: Leaving directory '/home/rain/ydlidar_ws/build/CMakeFiles/CMakeTmp'
make[1]: Leaving directory '/home/rain/ydlidar_ws/build/CMakeFiles/CMakeTmp'


Determining if the include file strings.h exists passed with the following output:
Change Dir: /home/rain/ydlidar_ws/build/CMakeFiles/CMakeTmp

Run Build Command:"/usr/bin/make" "cmTC_32691/fast"
make[1]: Entering directory '/home/rain/ydlidar_ws/build/CMakeFiles/CMakeTmp'
/usr/bin/make -f CMakeFiles/cmTC_32691.dir/build.make CMakeFiles/cmTC_32691.dir/build
make[2]: Entering directory '/home/rain/ydlidar_ws/build/CMakeFiles/CMakeTmp'
Building C object CMakeFiles/cmTC_32691.dir/CheckIncludeFile.c.o
/usr/bin/cc    -I/usr/include  -I/usr/include/cairo -std=c99 -fPIC -ggdb -Wall    -o CMakeFiles/cmTC_32691.dir/CheckIncludeFile.c.o   -c /home/rain/ydlidar_ws/build/CMakeFiles/CMakeTmp/CheckIncludeFile.c
Linking C executable cmTC_32691
/usr/bin/cmake -E cmake_link_script CMakeFiles/cmTC_32691.dir/link.txt --verbose=1
/usr/bin/cc    -I/usr/include  -I/usr/include/cairo -std=c99 -fPIC -ggdb -Wall     CMakeFiles/cmTC_32691.dir/CheckIncludeFile.c.o  -o cmTC_32691 -rdynamic 
make[2]: Leaving directory '/home/rain/ydlidar_ws/build/CMakeFiles/CMakeTmp'
make[1]: Leaving directory '/home/rain/ydlidar_ws/build/CMakeFiles/CMakeTmp'


Determining if the include file string.h exists passed with the following output:
Change Dir: /home/rain/ydlidar_ws/build/CMakeFiles/CMakeTmp

Run Build Command:"/usr/bin/make" "cmTC_afa01/fast"
make[1]: Entering directory '/home/rain/ydlidar_ws/build/CMakeFiles/CMakeTmp'
/usr/bin/make -f CMakeFiles/cmTC_afa01.dir/build.make CMakeFiles/cmTC_afa01.dir/build
make[2]: Entering directory '/home/rain/ydlidar_ws/build/CMakeFiles/CMakeTmp'
Building C object CMakeFiles/cmTC_afa01.dir/CheckIncludeFile.c.o
/usr/bin/cc    -I/usr/include  -I/usr/include/cairo -std=c99 -fPIC -ggdb -Wall    -o CMakeFiles/cmTC_afa01.dir/CheckIncludeFile.c.o   -c /home/rain/ydlidar_ws/build/CMakeFiles/CMakeTmp/CheckIncludeFile.c
Linking C executable cmTC_afa01
/usr/bin/cmake -E cmake_link_script CMakeFiles/cmTC_afa01.dir/link.txt --verbose=1
/usr/bin/cc    -I/usr/include  -I/usr/include/cairo -std=c99 -fPIC -ggdb -Wall     CMakeFiles/cmTC_afa01.dir/CheckIncludeFile.c.o  -o cmTC_afa01 -rdynamic 
make[2]: Leaving directory '/home/rain/ydlidar_ws/build/CMakeFiles/CMakeTmp'
make[1]: Leaving directory '/home/rain/ydlidar_ws/build/CMakeFiles/CMakeTmp'


Determining if the include file syslog.h exists passed with the following output:
Change Dir: /home/rain/ydlidar_ws/build/CMakeFiles/CMakeTmp

Run Build Command:"/usr/bin/make" "cmTC_a3bd9/fast"
make[1]: Entering directory '/home/rain/ydlidar_ws/build/CMakeFiles/CMakeTmp'
/usr/bin/make -f CMakeFiles/cmTC_a3bd9.dir/build.make CMakeFiles/cmTC_a3bd9.dir/build
make[2]: Entering directory '/home/rain/ydlidar_ws/build/CMakeFiles/CMakeTmp'
Building C object CMakeFiles/cmTC_a3bd9.dir/CheckIncludeFile.c.o
/usr/bin/cc    -I/usr/include  -I/usr/include/cairo -std=c99 -fPIC -ggdb -Wall    -o CMakeFiles/cmTC_a3bd9.dir/CheckIncludeFile.c.o   -c /home/rain/ydlidar_ws/build/CMakeFiles/CMakeTmp/CheckIncludeFile.c
Linking C executable cmTC_a3bd9
/usr/bin/cmake -E cmake_link_script CMakeFiles/cmTC_a3bd9.dir/link.txt --verbose=1
/usr/bin/cc    -I/usr/include  -I/usr/include/cairo -std=c99 -fPIC -ggdb -Wall     CMakeFiles/cmTC_a3bd9.dir/CheckIncludeFile.c.o  -o cmTC_a3bd9 -rdynamic 
make[2]: Leaving directory '/home/rain/ydlidar_ws/build/CMakeFiles/CMakeTmp'
make[1]: Leaving directory '/home/rain/ydlidar_ws/build/CMakeFiles/CMakeTmp'


Determining if the include file sys/param.h exists passed with the following output:
Change Dir: /home/rain/ydlidar_ws/build/CMakeFiles/CMakeTmp

Run Build Command:"/usr/bin/make" "cmTC_c2217/fast"
make[1]: Entering directory '/home/rain/ydlidar_ws/build/CMakeFiles/CMakeTmp'
/usr/bin/make -f CMakeFiles/cmTC_c2217.dir/build.make CMakeFiles/cmTC_c2217.dir/build
make[2]: Entering directory '/home/rain/ydlidar_ws/build/CMakeFiles/CMakeTmp'
Building C object CMakeFiles/cmTC_c2217.dir/CheckIncludeFile.c.o
/usr/bin/cc    -I/usr/include  -I/usr/include/cairo -std=c99 -fPIC -ggdb -Wall    -o CMakeFiles/cmTC_c2217.dir/CheckIncludeFile.c.o   -c /home/rain/ydlidar_ws/build/CMakeFiles/CMakeTmp/CheckIncludeFile.c
Linking C executable cmTC_c2217
/usr/bin/cmake -E cmake_link_script CMakeFiles/cmTC_c2217.dir/link.txt --verbose=1
/usr/bin/cc    -I/usr/include  -I/usr/include/cairo -std=c99 -fPIC -ggdb -Wall     CMakeFiles/cmTC_c2217.dir/CheckIncludeFile.c.o  -o cmTC_c2217 -rdynamic 
make[2]: Leaving directory '/home/rain/ydlidar_ws/build/CMakeFiles/CMakeTmp'
make[1]: Leaving directory '/home/rain/ydlidar_ws/build/CMakeFiles/CMakeTmp'


Determining if the include file sys/types.h exists passed with the following output:
Change Dir: /home/rain/ydlidar_ws/build/CMakeFiles/CMakeTmp

Run Build Command:"/usr/bin/make" "cmTC_055ca/fast"
make[1]: Entering directory '/home/rain/ydlidar_ws/build/CMakeFiles/CMakeTmp'
/usr/bin/make -f CMakeFiles/cmTC_055ca.dir/build.make CMakeFiles/cmTC_055ca.dir/build
make[2]: Entering directory '/home/rain/ydlidar_ws/build/CMakeFiles/CMakeTmp'
Building C object CMakeFiles/cmTC_055ca.dir/CheckIncludeFile.c.o
/usr/bin/cc    -I/usr/include  -I/usr/include/cairo -std=c99 -fPIC -ggdb -Wall    -o CMakeFiles/cmTC_055ca.dir/CheckIncludeFile.c.o   -c /home/rain/ydlidar_ws/build/CMakeFiles/CMakeTmp/CheckIncludeFile.c
Linking C executable cmTC_055ca
/usr/bin/cmake -E cmake_link_script CMakeFiles/cmTC_055ca.dir/link.txt --verbose=1
/usr/bin/cc    -I/usr/include  -I/usr/include/cairo -std=c99 -fPIC -ggdb -Wall     CMakeFiles/cmTC_055ca.dir/CheckIncludeFile.c.o  -o cmTC_055ca -rdynamic 
make[2]: Leaving directory '/home/rain/ydlidar_ws/build/CMakeFiles/CMakeTmp'
make[1]: Leaving directory '/home/rain/ydlidar_ws/build/CMakeFiles/CMakeTmp'


Determining if the include file sys/stat.h exists passed with the following output:
Change Dir: /home/rain/ydlidar_ws/build/CMakeFiles/CMakeTmp

Run Build Command:"/usr/bin/make" "cmTC_058cb/fast"
make[1]: Entering directory '/home/rain/ydlidar_ws/build/CMakeFiles/CMakeTmp'
/usr/bin/make -f CMakeFiles/cmTC_058cb.dir/build.make CMakeFiles/cmTC_058cb.dir/build
make[2]: Entering directory '/home/rain/ydlidar_ws/build/CMakeFiles/CMakeTmp'
Building C object CMakeFiles/cmTC_058cb.dir/CheckIncludeFile.c.o
/usr/bin/cc    -I/usr/include  -I/usr/include/cairo -std=c99 -fPIC -ggdb -Wall    -o CMakeFiles/cmTC_058cb.dir/CheckIncludeFile.c.o   -c /home/rain/ydlidar_ws/build/CMakeFiles/CMakeTmp/CheckIncludeFile.c
Linking C executable cmTC_058cb
/usr/bin/cmake -E cmake_link_script CMakeFiles/cmTC_058cb.dir/link.txt --verbose=1
/usr/bin/cc    -I/usr/include  -I/usr/include/cairo -std=c99 -fPIC -ggdb -Wall     CMakeFiles/cmTC_058cb.dir/CheckIncludeFile.c.o  -o cmTC_058cb -rdynamic 
make[2]: Leaving directory '/home/rain/ydlidar_ws/build/CMakeFiles/CMakeTmp'
make[1]: Leaving directory '/home/rain/ydlidar_ws/build/CMakeFiles/CMakeTmp'


Determining if the include file unistd.h exists passed with the following output:
Change Dir: /home/rain/ydlidar_ws/build/CMakeFiles/CMakeTmp

Run Build Command:"/usr/bin/make" "cmTC_77b4b/fast"
make[1]: Entering directory '/home/rain/ydlidar_ws/build/CMakeFiles/CMakeTmp'
/usr/bin/make -f CMakeFiles/cmTC_77b4b.dir/build.make CMakeFiles/cmTC_77b4b.dir/build
make[2]: Entering directory '/home/rain/ydlidar_ws/build/CMakeFiles/CMakeTmp'
Building C object CMakeFiles/cmTC_77b4b.dir/CheckIncludeFile.c.o
/usr/bin/cc    -I/usr/include  -I/usr/include/cairo -std=c99 -fPIC -ggdb -Wall    -o CMakeFiles/cmTC_77b4b.dir/CheckIncludeFile.c.o   -c /home/rain/ydlidar_ws/build/CMakeFiles/CMakeTmp/CheckIncludeFile.c
Linking C executable cmTC_77b4b
/usr/bin/cmake -E cmake_link_script CMakeFiles/cmTC_77b4b.dir/link.txt --verbose=1
/usr/bin/cc    -I/usr/include  -I/usr/include/cairo -std=c99 -fPIC -ggdb -Wall     CMakeFiles/cmTC_77b4b.dir/CheckIncludeFile.c.o  -o cmTC_77b4b -rdynamic 
make[2]: Leaving directory '/home/rain/ydlidar_ws/build/CMakeFiles/CMakeTmp'
make[1]: Leaving directory '/home/rain/ydlidar_ws/build/CMakeFiles/CMakeTmp'


Determining if the function open exists passed with the following output:
Change Dir: /home/rain/ydlidar_ws/build/CMakeFiles/CMakeTmp

Run Build Command:"/usr/bin/make" "cmTC_37e07/fast"
make[1]: Entering directory '/home/rain/ydlidar_ws/build/CMakeFiles/CMakeTmp'
/usr/bin/make -f CMakeFiles/cmTC_37e07.dir/build.make CMakeFiles/cmTC_37e07.dir/build
make[2]: Entering directory '/home/rain/ydlidar_ws/build/CMakeFiles/CMakeTmp'
Building C object CMakeFiles/cmTC_37e07.dir/CheckFunctionExists.c.o
/usr/bin/cc    -I/usr/include  -I/usr/include/cairo -std=c99 -fPIC -ggdb -Wall -DCHECK_FUNCTION_EXISTS=open   -o CMakeFiles/cmTC_37e07.dir/CheckFunctionExists.c.o   -c /usr/share/cmake-3.5/Modules/CheckFunctionExists.c
Linking C executable cmTC_37e07
/usr/bin/cmake -E cmake_link_script CMakeFiles/cmTC_37e07.dir/link.txt --verbose=1
/usr/bin/cc    -I/usr/include  -I/usr/include/cairo -std=c99 -fPIC -ggdb -Wall -DCHECK_FUNCTION_EXISTS=open    CMakeFiles/cmTC_37e07.dir/CheckFunctionExists.c.o  -o cmTC_37e07 -rdynamic 
make[2]: Leaving directory '/home/rain/ydlidar_ws/build/CMakeFiles/CMakeTmp'
make[1]: Leaving directory '/home/rain/ydlidar_ws/build/CMakeFiles/CMakeTmp'


Determining if the function malloc exists passed with the following output:
Change Dir: /home/rain/ydlidar_ws/build/CMakeFiles/CMakeTmp

Run Build Command:"/usr/bin/make" "cmTC_b984d/fast"
make[1]: Entering directory '/home/rain/ydlidar_ws/build/CMakeFiles/CMakeTmp'
/usr/bin/make -f CMakeFiles/cmTC_b984d.dir/build.make CMakeFiles/cmTC_b984d.dir/build
make[2]: Entering directory '/home/rain/ydlidar_ws/build/CMakeFiles/CMakeTmp'
Building C object CMakeFiles/cmTC_b984d.dir/CheckFunctionExists.c.o
/usr/bin/cc    -I/usr/include  -I/usr/include/cairo -std=c99 -fPIC -ggdb -Wall -DCHECK_FUNCTION_EXISTS=malloc   -o CMakeFiles/cmTC_b984d.dir/CheckFunctionExists.c.o   -c /usr/share/cmake-3.5/Modules/CheckFunctionExists.c
<command-line>:0:23: warning: conflicting types for built-in function malloc
/usr/share/cmake-3.5/Modules/CheckFunctionExists.c:6:6: note: in expansion of macro CHECK_FUNCTION_EXISTS
 char CHECK_FUNCTION_EXISTS();
      ^
Linking C executable cmTC_b984d
/usr/bin/cmake -E cmake_link_script CMakeFiles/cmTC_b984d.dir/link.txt --verbose=1
/usr/bin/cc    -I/usr/include  -I/usr/include/cairo -std=c99 -fPIC -ggdb -Wall -DCHECK_FUNCTION_EXISTS=malloc    CMakeFiles/cmTC_b984d.dir/CheckFunctionExists.c.o  -o cmTC_b984d -rdynamic 
make[2]: Leaving directory '/home/rain/ydlidar_ws/build/CMakeFiles/CMakeTmp'
make[1]: Leaving directory '/home/rain/ydlidar_ws/build/CMakeFiles/CMakeTmp'


Determining if the function realloc exists passed with the following output:
Change Dir: /home/rain/ydlidar_ws/build/CMakeFiles/CMakeTmp

Run Build Command:"/usr/bin/make" "cmTC_10c26/fast"
make[1]: Entering directory '/home/rain/ydlidar_ws/build/CMakeFiles/CMakeTmp'
/usr/bin/make -f CMakeFiles/cmTC_10c26.dir/build.make CMakeFiles/cmTC_10c26.dir/build
make[2]: Entering directory '/home/rain/ydlidar_ws/build/CMakeFiles/CMakeTmp'
Building C object CMakeFiles/cmTC_10c26.dir/CheckFunctionExists.c.o
/usr/bin/cc    -I/usr/include  -I/usr/include/cairo -std=c99 -fPIC -ggdb -Wall -DCHECK_FUNCTION_EXISTS=realloc   -o CMakeFiles/cmTC_10c26.dir/CheckFunctionExists.c.o   -c /usr/share/cmake-3.5/Modules/CheckFunctionExists.c
<command-line>:0:23: warning: conflicting types for built-in function realloc
/usr/share/cmake-3.5/Modules/CheckFunctionExists.c:6:6: note: in expansion of macro CHECK_FUNCTION_EXISTS
 char CHECK_FUNCTION_EXISTS();
      ^
Linking C executable cmTC_10c26
/usr/bin/cmake -E cmake_link_script CMakeFiles/cmTC_10c26.dir/link.txt --verbose=1
/usr/bin/cc    -I/usr/include  -I/usr/include/cairo -std=c99 -fPIC -ggdb -Wall -DCHECK_FUNCTION_EXISTS=realloc    CMakeFiles/cmTC_10c26.dir/CheckFunctionExists.c.o  -o cmTC_10c26 -rdynamic 
make[2]: Leaving directory '/home/rain/ydlidar_ws/build/CMakeFiles/CMakeTmp'
make[1]: Leaving directory '/home/rain/ydlidar_ws/build/CMakeFiles/CMakeTmp'


Determining if the function strerror exists passed with the following output:
Change Dir: /home/rain/ydlidar_ws/build/CMakeFiles/CMakeTmp

Run Build Command:"/usr/bin/make" "cmTC_a5b6c/fast"
make[1]: Entering directory '/home/rain/ydlidar_ws/build/CMakeFiles/CMakeTmp'
/usr/bin/make -f CMakeFiles/cmTC_a5b6c.dir/build.make CMakeFiles/cmTC_a5b6c.dir/build
make[2]: Entering directory '/home/rain/ydlidar_ws/build/CMakeFiles/CMakeTmp'
Building C object CMakeFiles/cmTC_a5b6c.dir/CheckFunctionExists.c.o
/usr/bin/cc    -I/usr/include  -I/usr/include/cairo -std=c99 -fPIC -ggdb -Wall -DCHECK_FUNCTION_EXISTS=strerror   -o CMakeFiles/cmTC_a5b6c.dir/CheckFunctionExists.c.o   -c /usr/share/cmake-3.5/Modules/CheckFunctionExists.c
Linking C executable cmTC_a5b6c
/usr/bin/cmake -E cmake_link_script CMakeFiles/cmTC_a5b6c.dir/link.txt --verbose=1
/usr/bin/cc    -I/usr/include  -I/usr/include/cairo -std=c99 -fPIC -ggdb -Wall -DCHECK_FUNCTION_EXISTS=strerror    CMakeFiles/cmTC_a5b6c.dir/CheckFunctionExists.c.o  -o cmTC_a5b6c -rdynamic 
make[2]: Leaving directory '/home/rain/ydlidar_ws/build/CMakeFiles/CMakeTmp'
make[1]: Leaving directory '/home/rain/ydlidar_ws/build/CMakeFiles/CMakeTmp'


Determining if the function strncasecmp exists passed with the following output:
Change Dir: /home/rain/ydlidar_ws/build/CMakeFiles/CMakeTmp

Run Build Command:"/usr/bin/make" "cmTC_db1d6/fast"
make[1]: Entering directory '/home/rain/ydlidar_ws/build/CMakeFiles/CMakeTmp'
/usr/bin/make -f CMakeFiles/cmTC_db1d6.dir/build.make CMakeFiles/cmTC_db1d6.dir/build
make[2]: Entering directory '/home/rain/ydlidar_ws/build/CMakeFiles/CMakeTmp'
Building C object CMakeFiles/cmTC_db1d6.dir/CheckFunctionExists.c.o
/usr/bin/cc    -I/usr/include  -I/usr/include/cairo -std=c99 -fPIC -ggdb -Wall -DCHECK_FUNCTION_EXISTS=strncasecmp   -o CMakeFiles/cmTC_db1d6.dir/CheckFunctionExists.c.o   -c /usr/share/cmake-3.5/Modules/CheckFunctionExists.c
Linking C executable cmTC_db1d6
/usr/bin/cmake -E cmake_link_script CMakeFiles/cmTC_db1d6.dir/link.txt --verbose=1
/usr/bin/cc    -I/usr/include  -I/usr/include/cairo -std=c99 -fPIC -ggdb -Wall -DCHECK_FUNCTION_EXISTS=strncasecmp    CMakeFiles/cmTC_db1d6.dir/CheckFunctionExists.c.o  -o cmTC_db1d6 -rdynamic 
make[2]: Leaving directory '/home/rain/ydlidar_ws/build/CMakeFiles/CMakeTmp'
make[1]: Leaving directory '/home/rain/ydlidar_ws/build/CMakeFiles/CMakeTmp'


Determining if the function strndup exists passed with the following output:
Change Dir: /home/rain/ydlidar_ws/build/CMakeFiles/CMakeTmp

Run Build Command:"/usr/bin/make" "cmTC_c16c5/fast"
make[1]: Entering directory '/home/rain/ydlidar_ws/build/CMakeFiles/CMakeTmp'
/usr/bin/make -f CMakeFiles/cmTC_c16c5.dir/build.make CMakeFiles/cmTC_c16c5.dir/build
make[2]: Entering directory '/home/rain/ydlidar_ws/build/CMakeFiles/CMakeTmp'
Building C object CMakeFiles/cmTC_c16c5.dir/CheckFunctionExists.c.o
/usr/bin/cc    -I/usr/include  -I/usr/include/cairo -std=c99 -fPIC -ggdb -Wall -DCHECK_FUNCTION_EXISTS=strndup   -o CMakeFiles/cmTC_c16c5.dir/CheckFunctionExists.c.o   -c /usr/share/cmake-3.5/Modules/CheckFunctionExists.c
Linking C executable cmTC_c16c5
/usr/bin/cmake -E cmake_link_script CMakeFiles/cmTC_c16c5.dir/link.txt --verbose=1
/usr/bin/cc    -I/usr/include  -I/usr/include/cairo -std=c99 -fPIC -ggdb -Wall -DCHECK_FUNCTION_EXISTS=strndup    CMakeFiles/cmTC_c16c5.dir/CheckFunctionExists.c.o  -o cmTC_c16c5 -rdynamic 
make[2]: Leaving directory '/home/rain/ydlidar_ws/build/CMakeFiles/CMakeTmp'
make[1]: Leaving directory '/home/rain/ydlidar_ws/build/CMakeFiles/CMakeTmp'


Determining if the function vasprintf exists passed with the following output:
Change Dir: /home/rain/ydlidar_ws/build/CMakeFiles/CMakeTmp

Run Build Command:"/usr/bin/make" "cmTC_8e899/fast"
make[1]: Entering directory '/home/rain/ydlidar_ws/build/CMakeFiles/CMakeTmp'
/usr/bin/make -f CMakeFiles/cmTC_8e899.dir/build.make CMakeFiles/cmTC_8e899.dir/build
make[2]: Entering directory '/home/rain/ydlidar_ws/build/CMakeFiles/CMakeTmp'
Building C object CMakeFiles/cmTC_8e899.dir/CheckFunctionExists.c.o
/usr/bin/cc    -I/usr/include  -I/usr/include/cairo -std=c99 -fPIC -ggdb -Wall -DCHECK_FUNCTION_EXISTS=vasprintf   -o CMakeFiles/cmTC_8e899.dir/CheckFunctionExists.c.o   -c /usr/share/cmake-3.5/Modules/CheckFunctionExists.c
Linking C executable cmTC_8e899
/usr/bin/cmake -E cmake_link_script CMakeFiles/cmTC_8e899.dir/link.txt --verbose=1
/usr/bin/cc    -I/usr/include  -I/usr/include/cairo -std=c99 -fPIC -ggdb -Wall -DCHECK_FUNCTION_EXISTS=vasprintf    CMakeFiles/cmTC_8e899.dir/CheckFunctionExists.c.o  -o cmTC_8e899 -rdynamic 
make[2]: Leaving directory '/home/rain/ydlidar_ws/build/CMakeFiles/CMakeTmp'
make[1]: Leaving directory '/home/rain/ydlidar_ws/build/CMakeFiles/CMakeTmp'


Determining if the function vprintf exists passed with the following output:
Change Dir: /home/rain/ydlidar_ws/build/CMakeFiles/CMakeTmp

Run Build Command:"/usr/bin/make" "cmTC_98521/fast"
make[1]: Entering directory '/home/rain/ydlidar_ws/build/CMakeFiles/CMakeTmp'
/usr/bin/make -f CMakeFiles/cmTC_98521.dir/build.make CMakeFiles/cmTC_98521.dir/build
make[2]: Entering directory '/home/rain/ydlidar_ws/build/CMakeFiles/CMakeTmp'
Building C object CMakeFiles/cmTC_98521.dir/CheckFunctionExists.c.o
/usr/bin/cc    -I/usr/include  -I/usr/include/cairo -std=c99 -fPIC -ggdb -Wall -DCHECK_FUNCTION_EXISTS=vprintf   -o CMakeFiles/cmTC_98521.dir/CheckFunctionExists.c.o   -c /usr/share/cmake-3.5/Modules/CheckFunctionExists.c
<command-line>:0:23: warning: conflicting types for built-in function vprintf
/usr/share/cmake-3.5/Modules/CheckFunctionExists.c:6:6: note: in expansion of macro CHECK_FUNCTION_EXISTS
 char CHECK_FUNCTION_EXISTS();
      ^
Linking C executable cmTC_98521
/usr/bin/cmake -E cmake_link_script CMakeFiles/cmTC_98521.dir/link.txt --verbose=1
/usr/bin/cc    -I/usr/include  -I/usr/include/cairo -std=c99 -fPIC -ggdb -Wall -DCHECK_FUNCTION_EXISTS=vprintf    CMakeFiles/cmTC_98521.dir/CheckFunctionExists.c.o  -o cmTC_98521 -rdynamic 
make[2]: Leaving directory '/home/rain/ydlidar_ws/build/CMakeFiles/CMakeTmp'
make[1]: Leaving directory '/home/rain/ydlidar_ws/build/CMakeFiles/CMakeTmp'


Determining if the function vsnprintf exists passed with the following output:
Change Dir: /home/rain/ydlidar_ws/build/CMakeFiles/CMakeTmp

Run Build Command:"/usr/bin/make" "cmTC_75a5b/fast"
make[1]: Entering directory '/home/rain/ydlidar_ws/build/CMakeFiles/CMakeTmp'
/usr/bin/make -f CMakeFiles/cmTC_75a5b.dir/build.make CMakeFiles/cmTC_75a5b.dir/build
make[2]: Entering directory '/home/rain/ydlidar_ws/build/CMakeFiles/CMakeTmp'
Building C object CMakeFiles/cmTC_75a5b.dir/CheckFunctionExists.c.o
/usr/bin/cc    -I/usr/include  -I/usr/include/cairo -std=c99 -fPIC -ggdb -Wall -DCHECK_FUNCTION_EXISTS=vsnprintf   -o CMakeFiles/cmTC_75a5b.dir/CheckFunctionExists.c.o   -c /usr/share/cmake-3.5/Modules/CheckFunctionExists.c
<command-line>:0:23: warning: conflicting types for built-in function vsnprintf
/usr/share/cmake-3.5/Modules/CheckFunctionExists.c:6:6: note: in expansion of macro CHECK_FUNCTION_EXISTS
 char CHECK_FUNCTION_EXISTS();
      ^
Linking C executable cmTC_75a5b
/usr/bin/cmake -E cmake_link_script CMakeFiles/cmTC_75a5b.dir/link.txt --verbose=1
/usr/bin/cc    -I/usr/include  -I/usr/include/cairo -std=c99 -fPIC -ggdb -Wall -DCHECK_FUNCTION_EXISTS=vsnprintf    CMakeFiles/cmTC_75a5b.dir/CheckFunctionExists.c.o  -o cmTC_75a5b -rdynamic 
make[2]: Leaving directory '/home/rain/ydlidar_ws/build/CMakeFiles/CMakeTmp'
make[1]: Leaving directory '/home/rain/ydlidar_ws/build/CMakeFiles/CMakeTmp'


Determining if the function vsyslog exists passed with the following output:
Change Dir: /home/rain/ydlidar_ws/build/CMakeFiles/CMakeTmp

Run Build Command:"/usr/bin/make" "cmTC_21e5d/fast"
make[1]: Entering directory '/home/rain/ydlidar_ws/build/CMakeFiles/CMakeTmp'
/usr/bin/make -f CMakeFiles/cmTC_21e5d.dir/build.make CMakeFiles/cmTC_21e5d.dir/build
make[2]: Entering directory '/home/rain/ydlidar_ws/build/CMakeFiles/CMakeTmp'
Building C object CMakeFiles/cmTC_21e5d.dir/CheckFunctionExists.c.o
/usr/bin/cc    -I/usr/include  -I/usr/include/cairo -std=c99 -fPIC -ggdb -Wall -DCHECK_FUNCTION_EXISTS=vsyslog   -o CMakeFiles/cmTC_21e5d.dir/CheckFunctionExists.c.o   -c /usr/share/cmake-3.5/Modules/CheckFunctionExists.c
Linking C executable cmTC_21e5d
/usr/bin/cmake -E cmake_link_script CMakeFiles/cmTC_21e5d.dir/link.txt --verbose=1
/usr/bin/cc    -I/usr/include  -I/usr/include/cairo -std=c99 -fPIC -ggdb -Wall -DCHECK_FUNCTION_EXISTS=vsyslog    CMakeFiles/cmTC_21e5d.dir/CheckFunctionExists.c.o  -o cmTC_21e5d -rdynamic 
make[2]: Leaving directory '/home/rain/ydlidar_ws/build/CMakeFiles/CMakeTmp'
make[1]: Leaving directory '/home/rain/ydlidar_ws/build/CMakeFiles/CMakeTmp'


